Log file open, 12/11/19 19:59:52
LogWindows: Failed to load 'aqProf.dll' (GetLastError=126)
LogWindows: File 'aqProf.dll' does not exist
LogWindows: Failed to load 'VtuneApi.dll' (GetLastError=126)
LogWindows: File 'VtuneApi.dll' does not exist
LogWindows: Failed to load 'VtuneApi32e.dll' (GetLastError=126)
LogWindows: File 'VtuneApi32e.dll' does not exist
LogConsoleResponse: Display: Failed to find resolution value strings in scalability ini. Falling back to default.
LogInit: Display: Running engine for game: first_hour_project
LogPlatformFile: Not using cached read wrapper
LogTaskGraph: Started task graph with 5 named threads and 23 total threads with 3 sets of task threads.
LogStats: Stats thread started at 0.103053
LogD3D11RHI: Loaded GFSDK_Aftermath_Lib.x64.dll
LogICUInternationalization: ICU TimeZone Detection - Raw Offset: +9:00, Platform Override: ''
LogPluginManager: Mounting plugin Paper2D
LogPluginManager: Mounting plugin AISupport
LogPluginManager: Mounting plugin LightPropagationVolume
LogPluginManager: Mounting plugin ActorLayerUtilities
LogPluginManager: Mounting plugin AnimationSharing
LogPluginManager: Mounting plugin CLionSourceCodeAccess
LogPluginManager: Mounting plugin CodeLiteSourceCodeAccess
LogPluginManager: Mounting plugin GitSourceControl
LogPluginManager: Mounting plugin KDevelopSourceCodeAccess
LogPluginManager: Mounting plugin NullSourceCodeAccess
LogPluginManager: Mounting plugin PerforceSourceControl
LogPluginManager: Mounting plugin PlasticSourceControl
LogPluginManager: Mounting plugin SubversionSourceControl
LogPluginManager: Mounting plugin UObjectPlugin
LogPluginManager: Mounting plugin VisualStudioCodeSourceCodeAccess
LogPluginManager: Mounting plugin VisualStudioSourceCodeAccess
LogPluginManager: Mounting plugin XCodeSourceCodeAccess
LogPluginManager: Mounting plugin AssetManagerEditor
LogPluginManager: Mounting plugin CryptoKeys
LogPluginManager: Mounting plugin CurveEditorTools
LogPluginManager: Mounting plugin DataValidation
LogPluginManager: Mounting plugin FacialAnimation
LogPluginManager: Mounting plugin GameplayTagsEditor
LogPluginManager: Mounting plugin MacGraphicsSwitching
LogPluginManager: Mounting plugin MaterialAnalyzer
LogPluginManager: Mounting plugin MobileLauncherProfileWizard
LogPluginManager: Mounting plugin PluginBrowser
LogPluginManager: Mounting plugin SpeedTreeImporter
LogPluginManager: Mounting plugin DatasmithContent
LogPluginManager: Mounting plugin VariantManagerContent
LogPluginManager: Mounting plugin AlembicImporter
LogPluginManager: Mounting plugin AutomationUtils
LogPluginManager: Mounting plugin BackChannel
LogPluginManager: Mounting plugin CharacterAI
LogPluginManager: Mounting plugin GeometryCache
LogPluginManager: Mounting plugin PlatformCrypto
LogPluginManager: Mounting plugin ProxyLODPlugin
LogPluginManager: Mounting plugin SkeletalReduction
LogPluginManager: Mounting plugin MagicLeap
LogPluginManager: Mounting plugin MagicLeapMedia
LogPluginManager: Mounting plugin MLSDK
LogPluginManager: Mounting plugin AndroidMedia
LogPluginManager: Mounting plugin AvfMedia
LogPluginManager: Mounting plugin ImgMedia
LogPluginManager: Mounting plugin MediaCompositing
LogPluginManager: Mounting plugin MediaPlayerEditor
LogPluginManager: Mounting plugin WebMMedia
LogPluginManager: Mounting plugin WmfMedia
LogPluginManager: Mounting plugin TcpMessaging
LogPluginManager: Mounting plugin UdpMessaging
LogPluginManager: Mounting plugin ActorSequence
LogPluginManager: Mounting plugin LevelSequenceEditor
LogPluginManager: Mounting plugin MatineeToLevelSequence
LogPluginManager: Mounting plugin NetcodeUnitTest
LogPluginManager: Mounting plugin NUTUnrealEngine4
LogPluginManager: Mounting plugin OnlineSubsystemGooglePlay
LogPluginManager: Mounting plugin OnlineSubsystemIOS
LogPluginManager: Mounting plugin OnlineSubsystem
LogPluginManager: Mounting plugin OnlineSubsystemNull
LogPluginManager: Mounting plugin OnlineSubsystemUtils
LogPluginManager: Mounting plugin LauncherChunkInstaller
LogPluginManager: Mounting plugin AndroidDeviceProfileSelector
LogPluginManager: Mounting plugin AndroidMoviePlayer
LogPluginManager: Mounting plugin AndroidPermission
LogPluginManager: Mounting plugin AppleImageUtils
LogPluginManager: Mounting plugin AppleMoviePlayer
LogPluginManager: Mounting plugin ArchVisCharacter
LogPluginManager: Mounting plugin AssetTags
LogPluginManager: Mounting plugin AudioCapture
LogPluginManager: Mounting plugin CableComponent
LogPluginManager: Mounting plugin CustomMeshComponent
LogPluginManager: Mounting plugin EditableMesh
LogPluginManager: Mounting plugin ExampleDeviceProfileSelector
LogPluginManager: Mounting plugin GoogleCloudMessaging
LogPluginManager: Mounting plugin IOSDeviceProfileSelector
LogPluginManager: Mounting plugin LinuxDeviceProfileSelector
LogPluginManager: Mounting plugin LocationServicesBPLibrary
LogPluginManager: Mounting plugin MobilePatchingUtils
LogPluginManager: Mounting plugin OculusVR
LogPluginManager: Mounting plugin PhysXVehicles
LogPluginManager: Mounting plugin PostSplashScreen
LogPluginManager: Mounting plugin ProceduralMeshComponent
LogPluginManager: Mounting plugin RuntimePhysXCooking
LogPluginManager: Mounting plugin SignificanceManager
LogPluginManager: Mounting plugin SteamVR
LogPluginManager: Mounting plugin WebMMoviePlayer
LogPluginManager: Mounting plugin WindowsMoviePlayer
LogPluginManager: Mounting plugin ScreenshotTools
LogInit: Using libcurl 7.55.1-DEV
LogInit:  - built for x86_64-pc-win32
LogInit:  - supports SSL with OpenSSL/1.1.1
LogInit:  - supports HTTP deflate (compression) using libz 1.2.8
LogInit:  - other features:
LogInit:      CURL_VERSION_SSL
LogInit:      CURL_VERSION_LIBZ
LogInit:      CURL_VERSION_IPV6
LogInit:      CURL_VERSION_ASYNCHDNS
LogInit:      CURL_VERSION_LARGEFILE
LogInit:      CURL_VERSION_IDN
LogInit:  CurlRequestOptions (configurable via config and command line):
LogInit:  - bVerifyPeer = true  - Libcurl will verify peer certificate
LogInit:  - bUseHttpProxy = false  - Libcurl will NOT use HTTP proxy
LogInit:  - bDontReuseConnections = false  - Libcurl will reuse connections
LogInit:  - MaxHostConnections = 16  - Libcurl will limit the number of connections to a host
LogInit:  - LocalHostAddr = Default
LogInit:  - BufferSize = 65536
LogOnline: OSS: Creating online subsystem instance for: NULL
LogInit: WinSock: version 1.1 (2.2), MaxSocks=32767, MaxUdp=65467
LogOnline: OSS: TryLoadSubsystemAndSetDefault: Loaded subsystem for module [NULL]
LogInit: Build: ++UE4+Release-4.24-CL-10570792
LogInit: Engine Version: 4.24.0-10570792+++UE4+Release-4.24
LogInit: Compatible Engine Version: 4.24.0-10570792+++UE4+Release-4.24
LogInit: Net CL: 10570792
LogInit: OS: Windows 10 (Release 1903) (), CPU: Intel(R) Core(TM) i7-4790K CPU @ 4.00GHz, GPU: NVIDIA GeForce GTX 1660 Ti
LogInit: Compiled (64-bit): Dec  6 2019 02:05:13
LogInit: Compiled with Visual C++: 19.16.27032.01
LogInit: Build Configuration: Development
LogInit: Branch Name: ++UE4+Release-4.24
LogInit: Command Line:  -EpicPortal -epicusername=quasy -epicuserid=7db1d54e668d4728a7bbfd95bf785597 -epiclocale=ko-KR
LogInit: Base Directory: E:/EpicLibrary/UE_4.24/Engine/Binaries/Win64/
LogInit: Installed Engine Build: 1
LogDevObjectVersion: Number of dev versions registered: 25
LogDevObjectVersion:   Dev-Blueprints (B0D832E4-1F89-4F0D-ACCF-7EB736FD4AA2): 10
LogDevObjectVersion:   Dev-Build (E1C64328-A22C-4D53-A36C-8E866417BD8C): 0
LogDevObjectVersion:   Dev-Core (375EC13C-06E4-48FB-B500-84F0262A717E): 3
LogDevObjectVersion:   Dev-Editor (E4B068ED-F494-42E9-A231-DA0B2E46BB41): 37
LogDevObjectVersion:   Dev-Framework (CFFC743F-43B0-4480-9391-14DF171D2073): 36
LogDevObjectVersion:   Dev-Mobile (B02B49B5-BB20-44E9-A304-32B752E40360): 2
LogDevObjectVersion:   Dev-Networking (A4E4105C-59A1-49B5-A7C5-40C4547EDFEE): 0
LogDevObjectVersion:   Dev-Online (39C831C9-5AE6-47DC-9A44-9C173E1C8E7C): 0
LogDevObjectVersion:   Dev-Physics (78F01B33-EBEA-4F98-B9B4-84EACCB95AA2): 2
LogDevObjectVersion:   Dev-Platform (6631380F-2D4D-43E0-8009-CF276956A95A): 0
LogDevObjectVersion:   Dev-Rendering (12F88B9F-8875-4AFC-A67C-D90C383ABD29): 36
LogDevObjectVersion:   Dev-Sequencer (7B5AE74C-D270-4C10-A958-57980B212A5A): 11
LogDevObjectVersion:   Dev-VR (D7296918-1DD6-4BDD-9DE2-64A83CC13884): 2
LogDevObjectVersion:   Dev-LoadTimes (C2A15278-BFE7-4AFE-6C17-90FF531DF755): 1
LogDevObjectVersion:   Private-Geometry (6EACA3D4-40EC-4CC1-B786-8BED09428FC5): 3
LogDevObjectVersion:   Dev-AnimPhys (29E575DD-E0A3-4627-9D10-D276232CDCEA): 17
LogDevObjectVersion:   Dev-Anim (AF43A65D-7FD3-4947-9873-3E8ED9C1BB05): 2
LogDevObjectVersion:   Dev-ReflectionCapture (6B266CEC-1EC7-4B8F-A30B-E4D90942FC07): 1
LogDevObjectVersion:   Dev-Automation (0DF73D61-A23F-47EA-B727-89E90C41499A): 1
LogDevObjectVersion:   FortniteMain (601D1886-AC64-4F84-AA16-D3DE0DEAC7D6): 31
LogDevObjectVersion:   Dev-Enterprise (9DFFBCD6-494F-0158-E221-12823C92A888): 8
LogDevObjectVersion:   Dev-Niagara (F2AED0AC-9AFE-416F-8664-AA7FFA26D6FC): 1
LogDevObjectVersion:   Dev-Destruction (174F1F0B-B4C6-45A5-B13F-2EE8D0FB917D): 9
LogDevObjectVersion:   Dev-Physics-Ext (35F94A83-E258-406C-A318-09F59610247C): 8
LogDevObjectVersion:   Dev-CineCamera (B2E18506-4273-CFC2-A54E-F4BB758BBA07): 1
LogInit: Presizing for max 25165824 objects, including 0 objects not considered by GC, pre-allocating 0 bytes for permanent pool.
LogInit: Object subsystem initialized
LogConfig: Setting CVar [[con.DebugEarlyDefault:1]]
LogConfig: Setting CVar [[r.setres:1280x720]]
[2019.12.11-10.59.52:798][  0]LogConfig: Setting CVar [[r.VSync:0]]
[2019.12.11-10.59.52:798][  0]LogConfig: Setting CVar [[r.RHICmdBypass:0]]
[2019.12.11-10.59.52:798][  0]LogConfig: Applying CVar settings from Section [/Script/Engine.RendererSettings] File [D:/Unreal/unreal.learn/first_hour_project/Saved/Config/Windows/Engine.ini]
[2019.12.11-10.59.52:798][  0]LogConfig: Setting CVar [[r.GPUCrashDebugging:0]]
[2019.12.11-10.59.52:798][  0]LogConfig: Applying CVar settings from Section [/Script/Engine.RendererOverrideSettings] File [D:/Unreal/unreal.learn/first_hour_project/Saved/Config/Windows/Engine.ini]
[2019.12.11-10.59.52:798][  0]LogConfig: Applying CVar settings from Section [/Script/Engine.StreamingSettings] File [D:/Unreal/unreal.learn/first_hour_project/Saved/Config/Windows/Engine.ini]
[2019.12.11-10.59.52:798][  0]LogConfig: Setting CVar [[s.MinBulkDataSizeForAsyncLoading:131072]]
[2019.12.11-10.59.52:798][  0]LogConfig: Setting CVar [[s.AsyncLoadingThreadEnabled:0]]
[2019.12.11-10.59.52:798][  0]LogConfig: Setting CVar [[s.EventDrivenLoaderEnabled:1]]
[2019.12.11-10.59.52:798][  0]LogConfig: Setting CVar [[s.WarnIfTimeLimitExceeded:0]]
[2019.12.11-10.59.52:798][  0]LogConfig: Setting CVar [[s.TimeLimitExceededMultiplier:1.5]]
[2019.12.11-10.59.52:798][  0]LogConfig: Setting CVar [[s.TimeLimitExceededMinTime:0.005]]
[2019.12.11-10.59.52:798][  0]LogConfig: Setting CVar [[s.UseBackgroundLevelStreaming:1]]
[2019.12.11-10.59.52:798][  0]LogConfig: Setting CVar [[s.PriorityAsyncLoadingExtraTime:15.0]]
[2019.12.11-10.59.52:798][  0]LogConfig: Setting CVar [[s.LevelStreamingActorsUpdateTimeLimit:5.0]]
[2019.12.11-10.59.52:798][  0]LogConfig: Setting CVar [[s.PriorityLevelStreamingActorsUpdateExtraTime:5.0]]
[2019.12.11-10.59.52:798][  0]LogConfig: Setting CVar [[s.LevelStreamingComponentsRegistrationGranularity:10]]
[2019.12.11-10.59.52:798][  0]LogConfig: Setting CVar [[s.UnregisterComponentsTimeLimit:1.0]]
[2019.12.11-10.59.52:798][  0]LogConfig: Setting CVar [[s.LevelStreamingComponentsUnregistrationGranularity:5]]
[2019.12.11-10.59.52:798][  0]LogConfig: Setting CVar [[s.FlushStreamingOnExit:1]]
[2019.12.11-10.59.52:798][  0]LogConfig: Applying CVar settings from Section [/Script/Engine.GarbageCollectionSettings] File [D:/Unreal/unreal.learn/first_hour_project/Saved/Config/Windows/Engine.ini]
[2019.12.11-10.59.52:798][  0]LogConfig: Setting CVar [[gc.MaxObjectsNotConsideredByGC:1]]
[2019.12.11-10.59.52:798][  0]LogConfig: Setting CVar [[gc.SizeOfPermanentObjectPool:0]]
[2019.12.11-10.59.52:798][  0]LogConfig: Setting CVar [[gc.FlushStreamingOnGC:0]]
[2019.12.11-10.59.52:798][  0]LogConfig: Setting CVar [[gc.NumRetriesBeforeForcingGC:10]]
[2019.12.11-10.59.52:798][  0]LogConfig: Setting CVar [[gc.AllowParallelGC:1]]
[2019.12.11-10.59.52:798][  0]LogConfig: Setting CVar [[gc.TimeBetweenPurgingPendingKillObjects:61.1]]
[2019.12.11-10.59.52:798][  0]LogConfig: Setting CVar [[gc.MaxObjectsInEditor:25165824]]
[2019.12.11-10.59.52:798][  0]LogConfig: Setting CVar [[gc.IncrementalBeginDestroyEnabled:1]]
[2019.12.11-10.59.52:798][  0]LogConfig: Setting CVar [[gc.CreateGCClusters:1]]
[2019.12.11-10.59.52:798][  0]LogConfig: Setting CVar [[gc.MinGCClusterSize:5]]
[2019.12.11-10.59.52:798][  0]LogConfig: Setting CVar [[gc.ActorClusteringEnabled:0]]
[2019.12.11-10.59.52:798][  0]LogConfig: Setting CVar [[gc.BlueprintClusteringEnabled:0]]
[2019.12.11-10.59.52:798][  0]LogConfig: Setting CVar [[gc.UseDisregardForGCOnDedicatedServers:0]]
[2019.12.11-10.59.52:798][  0]LogConfig: Applying CVar settings from Section [/Script/Engine.NetworkSettings] File [D:/Unreal/unreal.learn/first_hour_project/Saved/Config/Windows/Engine.ini]
[2019.12.11-10.59.52:799][  0]LogConfig: Applying CVar settings from Section [/Script/UnrealEd.CookerSettings] File [D:/Unreal/unreal.learn/first_hour_project/Saved/Config/Windows/Engine.ini]
[2019.12.11-10.59.52:812][  0]LogConfig: Applying CVar settings from Section [ViewDistanceQuality@3] File [D:/Unreal/unreal.learn/first_hour_project/Saved/Config/Windows/Scalability.ini]
[2019.12.11-10.59.52:812][  0]LogConfig: Setting CVar [[r.SkeletalMeshLODBias:0]]
[2019.12.11-10.59.52:812][  0]LogConfig: Setting CVar [[r.ViewDistanceScale:1.0]]
[2019.12.11-10.59.52:812][  0]LogConfig: Applying CVar settings from Section [AntiAliasingQuality@3] File [D:/Unreal/unreal.learn/first_hour_project/Saved/Config/Windows/Scalability.ini]
[2019.12.11-10.59.52:812][  0]LogConfig: Setting CVar [[r.PostProcessAAQuality:4]]
[2019.12.11-10.59.52:812][  0]LogConfig: Applying CVar settings from Section [ShadowQuality@3] File [D:/Unreal/unreal.learn/first_hour_project/Saved/Config/Windows/Scalability.ini]
[2019.12.11-10.59.52:812][  0]LogConfig: Setting CVar [[r.LightFunctionQuality:1]]
[2019.12.11-10.59.52:812][  0]LogConfig: Setting CVar [[r.ShadowQuality:5]]
[2019.12.11-10.59.52:812][  0]LogConfig: Setting CVar [[r.Shadow.CSM.MaxCascades:10]]
[2019.12.11-10.59.52:812][  0]LogConfig: Setting CVar [[r.Shadow.MaxResolution:2048]]
[2019.12.11-10.59.52:812][  0]LogConfig: Setting CVar [[r.Shadow.MaxCSMResolution:2048]]
[2019.12.11-10.59.52:812][  0]LogConfig: Setting CVar [[r.Shadow.RadiusThreshold:0.01]]
[2019.12.11-10.59.52:812][  0]LogConfig: Setting CVar [[r.Shadow.DistanceScale:1.0]]
[2019.12.11-10.59.52:812][  0]LogConfig: Setting CVar [[r.Shadow.CSM.TransitionScale:1.0]]
[2019.12.11-10.59.52:812][  0]LogConfig: Setting CVar [[r.Shadow.PreShadowResolutionFactor:1.0]]
[2019.12.11-10.59.52:812][  0]LogConfig: Setting CVar [[r.DistanceFieldShadowing:1]]
[2019.12.11-10.59.52:812][  0]LogConfig: Setting CVar [[r.DistanceFieldAO:1]]
[2019.12.11-10.59.52:812][  0]LogConfig: Setting CVar [[r.AOQuality:2]]
[2019.12.11-10.59.52:812][  0]LogConfig: Setting CVar [[r.VolumetricFog:1]]
[2019.12.11-10.59.52:812][  0]LogConfig: Setting CVar [[r.VolumetricFog.GridPixelSize:8]]
[2019.12.11-10.59.52:812][  0]LogConfig: Setting CVar [[r.VolumetricFog.GridSizeZ:128]]
[2019.12.11-10.59.52:812][  0]LogConfig: Setting CVar [[r.VolumetricFog.HistoryMissSupersampleCount:4]]
[2019.12.11-10.59.52:812][  0]LogConfig: Setting CVar [[r.LightMaxDrawDistanceScale:1]]
[2019.12.11-10.59.52:812][  0]LogConfig: Setting CVar [[r.CapsuleShadows:1]]
[2019.12.11-10.59.52:812][  0]LogConfig: Applying CVar settings from Section [PostProcessQuality@3] File [D:/Unreal/unreal.learn/first_hour_project/Saved/Config/Windows/Scalability.ini]
[2019.12.11-10.59.52:812][  0]LogConfig: Setting CVar [[r.MotionBlurQuality:4]]
[2019.12.11-10.59.52:812][  0]LogConfig: Setting CVar [[r.AmbientOcclusionMipLevelFactor:0.4]]
[2019.12.11-10.59.52:812][  0]LogConfig: Setting CVar [[r.AmbientOcclusionMaxQuality:100]]
[2019.12.11-10.59.52:812][  0]LogConfig: Setting CVar [[r.AmbientOcclusionLevels:-1]]
[2019.12.11-10.59.52:812][  0]LogConfig: Setting CVar [[r.AmbientOcclusionRadiusScale:1.0]]
[2019.12.11-10.59.52:812][  0]LogConfig: Setting CVar [[r.DepthOfFieldQuality:2]]
[2019.12.11-10.59.52:812][  0]LogConfig: Setting CVar [[r.RenderTargetPoolMin:400]]
[2019.12.11-10.59.52:812][  0]LogConfig: Setting CVar [[r.LensFlareQuality:2]]
[2019.12.11-10.59.52:812][  0]LogConfig: Setting CVar [[r.SceneColorFringeQuality:1]]
[2019.12.11-10.59.52:812][  0]LogConfig: Setting CVar [[r.EyeAdaptationQuality:2]]
[2019.12.11-10.59.52:812][  0]LogConfig: Setting CVar [[r.BloomQuality:5]]
[2019.12.11-10.59.52:812][  0]LogConfig: Setting CVar [[r.FastBlurThreshold:100]]
[2019.12.11-10.59.52:812][  0]LogConfig: Setting CVar [[r.Upscale.Quality:3]]
[2019.12.11-10.59.52:812][  0]LogConfig: Setting CVar [[r.Tonemapper.GrainQuantization:1]]
[2019.12.11-10.59.52:812][  0]LogConfig: Setting CVar [[r.LightShaftQuality:1]]
[2019.12.11-10.59.52:812][  0]LogConfig: Setting CVar [[r.Filter.SizeScale:1]]
[2019.12.11-10.59.52:812][  0]LogConfig: Setting CVar [[r.Tonemapper.Quality:5]]
[2019.12.11-10.59.52:812][  0]LogConfig: Setting CVar [[r.DOF.Gather.AccumulatorQuality:1        ; higher gathering accumulator quality]]
[2019.12.11-10.59.52:812][  0]LogConfig: Setting CVar [[r.DOF.Gather.PostfilterMethod:1          ; Median3x3 postfilering method]]
[2019.12.11-10.59.52:812][  0]LogConfig: Setting CVar [[r.DOF.Gather.EnableBokehSettings:0       ; no bokeh simulation when gathering]]
[2019.12.11-10.59.52:812][  0]LogConfig: Setting CVar [[r.DOF.Gather.RingCount:4                 ; medium number of samples when gathering]]
[2019.12.11-10.59.52:812][  0]LogConfig: Setting CVar [[r.DOF.Scatter.ForegroundCompositing:1    ; additive foreground scattering]]
[2019.12.11-10.59.52:812][  0]LogConfig: Setting CVar [[r.DOF.Scatter.BackgroundCompositing:2    ; additive background scattering]]
[2019.12.11-10.59.52:812][  0]LogConfig: Setting CVar [[r.DOF.Scatter.EnableBokehSettings:1      ; bokeh simulation when scattering]]
[2019.12.11-10.59.52:812][  0]LogConfig: Setting CVar [[r.DOF.Scatter.MaxSpriteRatio:0.1         ; only a maximum of 10% of scattered bokeh]]
[2019.12.11-10.59.52:812][  0]LogConfig: Setting CVar [[r.DOF.Recombine.Quality:1                ; cheap slight out of focus]]
[2019.12.11-10.59.52:812][  0]LogConfig: Setting CVar [[r.DOF.Recombine.EnableBokehSettings:0    ; no bokeh simulation on slight out of focus]]
[2019.12.11-10.59.52:812][  0]LogConfig: Setting CVar [[r.DOF.TemporalAAQuality:1                ; more stable temporal accumulation]]
[2019.12.11-10.59.52:812][  0]LogConfig: Setting CVar [[r.DOF.Kernel.MaxForegroundRadius:0.025]]
[2019.12.11-10.59.52:812][  0]LogConfig: Setting CVar [[r.DOF.Kernel.MaxBackgroundRadius:0.025]]
[2019.12.11-10.59.52:812][  0]LogConfig: Applying CVar settings from Section [TextureQuality@3] File [D:/Unreal/unreal.learn/first_hour_project/Saved/Config/Windows/Scalability.ini]
[2019.12.11-10.59.52:812][  0]LogConfig: Setting CVar [[r.Streaming.MipBias:0]]
[2019.12.11-10.59.52:812][  0]LogConfig: Setting CVar [[r.Streaming.AmortizeCPUToGPUCopy:0]]
[2019.12.11-10.59.52:812][  0]LogConfig: Setting CVar [[r.Streaming.MaxNumTexturesToStreamPerFrame:0]]
[2019.12.11-10.59.52:812][  0]LogConfig: Setting CVar [[r.Streaming.Boost:1]]
[2019.12.11-10.59.52:812][  0]LogConfig: Setting CVar [[r.MaxAnisotropy:8]]
[2019.12.11-10.59.52:812][  0]LogConfig: Setting CVar [[r.VT.MaxAnisotropy:8]]
[2019.12.11-10.59.52:812][  0]LogConfig: Setting CVar [[r.Streaming.LimitPoolSizeToVRAM:0]]
[2019.12.11-10.59.52:812][  0]LogConfig: Setting CVar [[r.Streaming.PoolSize:1000]]
[2019.12.11-10.59.52:812][  0]LogConfig: Setting CVar [[r.Streaming.MaxEffectiveScreenSize:0]]
[2019.12.11-10.59.52:812][  0]LogConfig: Applying CVar settings from Section [EffectsQuality@3] File [D:/Unreal/unreal.learn/first_hour_project/Saved/Config/Windows/Scalability.ini]
[2019.12.11-10.59.52:812][  0]LogConfig: Setting CVar [[r.TranslucencyLightingVolumeDim:64]]
[2019.12.11-10.59.52:813][  0]LogConfig: Setting CVar [[r.RefractionQuality:2]]
[2019.12.11-10.59.52:813][  0]LogConfig: Setting CVar [[r.SSR.Quality:3]]
[2019.12.11-10.59.52:813][  0]LogConfig: Setting CVar [[r.SSR.HalfResSceneColor:0]]
[2019.12.11-10.59.52:813][  0]LogConfig: Setting CVar [[r.SceneColorFormat:4]]
[2019.12.11-10.59.52:813][  0]LogConfig: Setting CVar [[r.DetailMode:2]]
[2019.12.11-10.59.52:813][  0]LogConfig: Setting CVar [[r.TranslucencyVolumeBlur:1]]
[2019.12.11-10.59.52:813][  0]LogConfig: Setting CVar [[r.MaterialQualityLevel:1 ; High quality]]
[2019.12.11-10.59.52:813][  0]LogConfig: Setting CVar [[r.SSS.Scale:1]]
[2019.12.11-10.59.52:813][  0]LogConfig: Setting CVar [[r.SSS.SampleSet:2]]
[2019.12.11-10.59.52:813][  0]LogConfig: Setting CVar [[r.SSS.Quality:1]]
[2019.12.11-10.59.52:813][  0]LogConfig: Setting CVar [[r.SSS.HalfRes:1]]
[2019.12.11-10.59.52:813][  0]LogConfig: Setting CVar [[r.SSGI.Quality:3]]
[2019.12.11-10.59.52:813][  0]LogConfig: Setting CVar [[r.EmitterSpawnRateScale:1.0]]
[2019.12.11-10.59.52:813][  0]LogConfig: Setting CVar [[r.ParticleLightQuality:2]]
[2019.12.11-10.59.52:813][  0]LogConfig: Setting CVar [[r.SkyAtmosphere.AerialPerspectiveLUT.FastApplyOnOpaque:1 ; Always have FastSkyLUT 1 in this case to avoid wrong sky]]
[2019.12.11-10.59.52:813][  0]LogConfig: Setting CVar [[r.SkyAtmosphere.AerialPerspectiveLUT.SampleCountPerSlice:1]]
[2019.12.11-10.59.52:813][  0]LogConfig: Setting CVar [[r.SkyAtmosphere.AerialPerspectiveLUT.DepthResolution:16.0]]
[2019.12.11-10.59.52:813][  0]LogConfig: Setting CVar [[r.SkyAtmosphere.FastSkyLUT:1]]
[2019.12.11-10.59.52:813][  0]LogConfig: Setting CVar [[r.SkyAtmosphere.FastSkyLUT.SampleCountMin:4.0]]
[2019.12.11-10.59.52:813][  0]LogConfig: Setting CVar [[r.SkyAtmosphere.FastSkyLUT.SampleCountMax:32.0]]
[2019.12.11-10.59.52:813][  0]LogConfig: Setting CVar [[r.SkyAtmosphere.SampleCountMin:4.0]]
[2019.12.11-10.59.52:813][  0]LogConfig: Setting CVar [[r.SkyAtmosphere.SampleCountMax:32.0]]
[2019.12.11-10.59.52:813][  0]LogConfig: Setting CVar [[r.SkyAtmosphere.TransmittanceLUT.UseSmallFormat:0]]
[2019.12.11-10.59.52:813][  0]LogConfig: Setting CVar [[r.SkyAtmosphere.TransmittanceLUT.SampleCount:10.0]]
[2019.12.11-10.59.52:813][  0]LogConfig: Setting CVar [[r.SkyAtmosphere.MultiScatteringLUT.SampleCount:15.0]]
[2019.12.11-10.59.52:813][  0]LogConfig: Applying CVar settings from Section [FoliageQuality@3] File [D:/Unreal/unreal.learn/first_hour_project/Saved/Config/Windows/Scalability.ini]
[2019.12.11-10.59.52:813][  0]LogConfig: Setting CVar [[foliage.DensityScale:1.0]]
[2019.12.11-10.59.52:813][  0]LogConfig: Setting CVar [[grass.DensityScale:1.0]]
[2019.12.11-10.59.52:813][  0]LogConfig: Applying CVar settings from Section [ShadingQuality@3] File [D:/Unreal/unreal.learn/first_hour_project/Saved/Config/Windows/Scalability.ini]
[2019.12.11-10.59.52:813][  0]LogConfig: Setting CVar [[r.HairStrands.SkyLighting.SampleCount:16]]
[2019.12.11-10.59.52:813][  0]LogConfig: Setting CVar [[r.HairStrands.SkyLighting.JitterIntegration:0]]
[2019.12.11-10.59.52:813][  0]LogConfig: Setting CVar [[r.HairStrands.SkyAO.SampleCount:16]]
[2019.12.11-10.59.52:813][  0]LogInit: Selected Device Profile: [Windows]
[2019.12.11-10.59.52:813][  0]LogInit: Applying CVar settings loaded from the selected device profile: [Windows]
[2019.12.11-10.59.52:815][  0]LogHAL: Display: Platform has ~ 32 GB [34233937920 / 34359738368 / 32], which maps to Largest [LargestMinGB=32, LargerMinGB=12, DefaultMinGB=8, SmallerMinGB=6, SmallestMinGB=0)
[2019.12.11-10.59.52:815][  0]LogInit: Going up to parent DeviceProfile []
[2019.12.11-10.59.52:815][  0]LogConfig: Applying CVar settings from Section [ViewDistanceQuality@3] File [D:/Unreal/unreal.learn/first_hour_project/Saved/Config/Windows/Scalability.ini]
[2019.12.11-10.59.52:815][  0]LogConfig: Setting CVar [[r.SkeletalMeshLODBias:0]]
[2019.12.11-10.59.52:815][  0]LogConfig: Setting CVar [[r.ViewDistanceScale:1.0]]
[2019.12.11-10.59.52:815][  0]LogConfig: Applying CVar settings from Section [AntiAliasingQuality@3] File [D:/Unreal/unreal.learn/first_hour_project/Saved/Config/Windows/Scalability.ini]
[2019.12.11-10.59.52:815][  0]LogConfig: Setting CVar [[r.PostProcessAAQuality:4]]
[2019.12.11-10.59.52:815][  0]LogConfig: Applying CVar settings from Section [ShadowQuality@3] File [D:/Unreal/unreal.learn/first_hour_project/Saved/Config/Windows/Scalability.ini]
[2019.12.11-10.59.52:815][  0]LogConfig: Setting CVar [[r.LightFunctionQuality:1]]
[2019.12.11-10.59.52:815][  0]LogConfig: Setting CVar [[r.ShadowQuality:5]]
[2019.12.11-10.59.52:815][  0]LogConfig: Setting CVar [[r.Shadow.CSM.MaxCascades:10]]
[2019.12.11-10.59.52:815][  0]LogConfig: Setting CVar [[r.Shadow.MaxResolution:2048]]
[2019.12.11-10.59.52:815][  0]LogConfig: Setting CVar [[r.Shadow.MaxCSMResolution:2048]]
[2019.12.11-10.59.52:815][  0]LogConfig: Setting CVar [[r.Shadow.RadiusThreshold:0.01]]
[2019.12.11-10.59.52:815][  0]LogConfig: Setting CVar [[r.Shadow.DistanceScale:1.0]]
[2019.12.11-10.59.52:815][  0]LogConfig: Setting CVar [[r.Shadow.CSM.TransitionScale:1.0]]
[2019.12.11-10.59.52:815][  0]LogConfig: Setting CVar [[r.Shadow.PreShadowResolutionFactor:1.0]]
[2019.12.11-10.59.52:815][  0]LogConfig: Setting CVar [[r.DistanceFieldShadowing:1]]
[2019.12.11-10.59.52:815][  0]LogConfig: Setting CVar [[r.DistanceFieldAO:1]]
[2019.12.11-10.59.52:816][  0]LogConfig: Setting CVar [[r.AOQuality:2]]
[2019.12.11-10.59.52:816][  0]LogConfig: Setting CVar [[r.VolumetricFog:1]]
[2019.12.11-10.59.52:816][  0]LogConfig: Setting CVar [[r.VolumetricFog.GridPixelSize:8]]
[2019.12.11-10.59.52:816][  0]LogConfig: Setting CVar [[r.VolumetricFog.GridSizeZ:128]]
[2019.12.11-10.59.52:816][  0]LogConfig: Setting CVar [[r.VolumetricFog.HistoryMissSupersampleCount:4]]
[2019.12.11-10.59.52:816][  0]LogConfig: Setting CVar [[r.LightMaxDrawDistanceScale:1]]
[2019.12.11-10.59.52:816][  0]LogConfig: Setting CVar [[r.CapsuleShadows:1]]
[2019.12.11-10.59.52:816][  0]LogConfig: Applying CVar settings from Section [PostProcessQuality@3] File [D:/Unreal/unreal.learn/first_hour_project/Saved/Config/Windows/Scalability.ini]
[2019.12.11-10.59.52:816][  0]LogConfig: Setting CVar [[r.MotionBlurQuality:4]]
[2019.12.11-10.59.52:816][  0]LogConfig: Setting CVar [[r.AmbientOcclusionMipLevelFactor:0.4]]
[2019.12.11-10.59.52:816][  0]LogConfig: Setting CVar [[r.AmbientOcclusionMaxQuality:100]]
[2019.12.11-10.59.52:816][  0]LogConfig: Setting CVar [[r.AmbientOcclusionLevels:-1]]
[2019.12.11-10.59.52:816][  0]LogConfig: Setting CVar [[r.AmbientOcclusionRadiusScale:1.0]]
[2019.12.11-10.59.52:816][  0]LogConfig: Setting CVar [[r.DepthOfFieldQuality:2]]
[2019.12.11-10.59.52:816][  0]LogConfig: Setting CVar [[r.RenderTargetPoolMin:400]]
[2019.12.11-10.59.52:816][  0]LogConfig: Setting CVar [[r.LensFlareQuality:2]]
[2019.12.11-10.59.52:816][  0]LogConfig: Setting CVar [[r.SceneColorFringeQuality:1]]
[2019.12.11-10.59.52:816][  0]LogConfig: Setting CVar [[r.EyeAdaptationQuality:2]]
[2019.12.11-10.59.52:816][  0]LogConfig: Setting CVar [[r.BloomQuality:5]]
[2019.12.11-10.59.52:816][  0]LogConfig: Setting CVar [[r.FastBlurThreshold:100]]
[2019.12.11-10.59.52:816][  0]LogConfig: Setting CVar [[r.Upscale.Quality:3]]
[2019.12.11-10.59.52:816][  0]LogConfig: Setting CVar [[r.Tonemapper.GrainQuantization:1]]
[2019.12.11-10.59.52:816][  0]LogConfig: Setting CVar [[r.LightShaftQuality:1]]
[2019.12.11-10.59.52:816][  0]LogConfig: Setting CVar [[r.Filter.SizeScale:1]]
[2019.12.11-10.59.52:816][  0]LogConfig: Setting CVar [[r.Tonemapper.Quality:5]]
[2019.12.11-10.59.52:816][  0]LogConfig: Setting CVar [[r.DOF.Gather.AccumulatorQuality:1        ; higher gathering accumulator quality]]
[2019.12.11-10.59.52:816][  0]LogConfig: Setting CVar [[r.DOF.Gather.PostfilterMethod:1          ; Median3x3 postfilering method]]
[2019.12.11-10.59.52:816][  0]LogConfig: Setting CVar [[r.DOF.Gather.EnableBokehSettings:0       ; no bokeh simulation when gathering]]
[2019.12.11-10.59.52:816][  0]LogConfig: Setting CVar [[r.DOF.Gather.RingCount:4                 ; medium number of samples when gathering]]
[2019.12.11-10.59.52:816][  0]LogConfig: Setting CVar [[r.DOF.Scatter.ForegroundCompositing:1    ; additive foreground scattering]]
[2019.12.11-10.59.52:816][  0]LogConfig: Setting CVar [[r.DOF.Scatter.BackgroundCompositing:2    ; additive background scattering]]
[2019.12.11-10.59.52:816][  0]LogConfig: Setting CVar [[r.DOF.Scatter.EnableBokehSettings:1      ; bokeh simulation when scattering]]
[2019.12.11-10.59.52:816][  0]LogConfig: Setting CVar [[r.DOF.Scatter.MaxSpriteRatio:0.1         ; only a maximum of 10% of scattered bokeh]]
[2019.12.11-10.59.52:816][  0]LogConfig: Setting CVar [[r.DOF.Recombine.Quality:1                ; cheap slight out of focus]]
[2019.12.11-10.59.52:816][  0]LogConfig: Setting CVar [[r.DOF.Recombine.EnableBokehSettings:0    ; no bokeh simulation on slight out of focus]]
[2019.12.11-10.59.52:816][  0]LogConfig: Setting CVar [[r.DOF.TemporalAAQuality:1                ; more stable temporal accumulation]]
[2019.12.11-10.59.52:816][  0]LogConfig: Setting CVar [[r.DOF.Kernel.MaxForegroundRadius:0.025]]
[2019.12.11-10.59.52:816][  0]LogConfig: Setting CVar [[r.DOF.Kernel.MaxBackgroundRadius:0.025]]
[2019.12.11-10.59.52:816][  0]LogConfig: Applying CVar settings from Section [TextureQuality@3] File [D:/Unreal/unreal.learn/first_hour_project/Saved/Config/Windows/Scalability.ini]
[2019.12.11-10.59.52:816][  0]LogConfig: Setting CVar [[r.Streaming.MipBias:0]]
[2019.12.11-10.59.52:816][  0]LogConfig: Setting CVar [[r.Streaming.AmortizeCPUToGPUCopy:0]]
[2019.12.11-10.59.52:816][  0]LogConfig: Setting CVar [[r.Streaming.MaxNumTexturesToStreamPerFrame:0]]
[2019.12.11-10.59.52:816][  0]LogConfig: Setting CVar [[r.Streaming.Boost:1]]
[2019.12.11-10.59.52:816][  0]LogConfig: Setting CVar [[r.MaxAnisotropy:8]]
[2019.12.11-10.59.52:816][  0]LogConfig: Setting CVar [[r.VT.MaxAnisotropy:8]]
[2019.12.11-10.59.52:816][  0]LogConfig: Setting CVar [[r.Streaming.LimitPoolSizeToVRAM:0]]
[2019.12.11-10.59.52:816][  0]LogConfig: Setting CVar [[r.Streaming.PoolSize:1000]]
[2019.12.11-10.59.52:816][  0]LogConfig: Setting CVar [[r.Streaming.MaxEffectiveScreenSize:0]]
[2019.12.11-10.59.52:816][  0]LogConfig: Applying CVar settings from Section [EffectsQuality@3] File [D:/Unreal/unreal.learn/first_hour_project/Saved/Config/Windows/Scalability.ini]
[2019.12.11-10.59.52:816][  0]LogConfig: Setting CVar [[r.TranslucencyLightingVolumeDim:64]]
[2019.12.11-10.59.52:816][  0]LogConfig: Setting CVar [[r.RefractionQuality:2]]
[2019.12.11-10.59.52:816][  0]LogConfig: Setting CVar [[r.SSR.Quality:3]]
[2019.12.11-10.59.52:816][  0]LogConfig: Setting CVar [[r.SSR.HalfResSceneColor:0]]
[2019.12.11-10.59.52:816][  0]LogConfig: Setting CVar [[r.SceneColorFormat:4]]
[2019.12.11-10.59.52:816][  0]LogConfig: Setting CVar [[r.DetailMode:2]]
[2019.12.11-10.59.52:816][  0]LogConfig: Setting CVar [[r.TranslucencyVolumeBlur:1]]
[2019.12.11-10.59.52:816][  0]LogConfig: Setting CVar [[r.MaterialQualityLevel:1 ; High quality]]
[2019.12.11-10.59.52:816][  0]LogConfig: Setting CVar [[r.SSS.Scale:1]]
[2019.12.11-10.59.52:816][  0]LogConfig: Setting CVar [[r.SSS.SampleSet:2]]
[2019.12.11-10.59.52:816][  0]LogConfig: Setting CVar [[r.SSS.Quality:1]]
[2019.12.11-10.59.52:816][  0]LogConfig: Setting CVar [[r.SSS.HalfRes:1]]
[2019.12.11-10.59.52:816][  0]LogConfig: Setting CVar [[r.SSGI.Quality:3]]
[2019.12.11-10.59.52:816][  0]LogConfig: Setting CVar [[r.EmitterSpawnRateScale:1.0]]
[2019.12.11-10.59.52:816][  0]LogConfig: Setting CVar [[r.ParticleLightQuality:2]]
[2019.12.11-10.59.52:816][  0]LogConfig: Setting CVar [[r.SkyAtmosphere.AerialPerspectiveLUT.FastApplyOnOpaque:1 ; Always have FastSkyLUT 1 in this case to avoid wrong sky]]
[2019.12.11-10.59.52:816][  0]LogConfig: Setting CVar [[r.SkyAtmosphere.AerialPerspectiveLUT.SampleCountPerSlice:1]]
[2019.12.11-10.59.52:816][  0]LogConfig: Setting CVar [[r.SkyAtmosphere.AerialPerspectiveLUT.DepthResolution:16.0]]
[2019.12.11-10.59.52:816][  0]LogConfig: Setting CVar [[r.SkyAtmosphere.FastSkyLUT:1]]
[2019.12.11-10.59.52:816][  0]LogConfig: Setting CVar [[r.SkyAtmosphere.FastSkyLUT.SampleCountMin:4.0]]
[2019.12.11-10.59.52:816][  0]LogConfig: Setting CVar [[r.SkyAtmosphere.FastSkyLUT.SampleCountMax:32.0]]
[2019.12.11-10.59.52:816][  0]LogConfig: Setting CVar [[r.SkyAtmosphere.SampleCountMin:4.0]]
[2019.12.11-10.59.52:816][  0]LogConfig: Setting CVar [[r.SkyAtmosphere.SampleCountMax:32.0]]
[2019.12.11-10.59.52:816][  0]LogConfig: Setting CVar [[r.SkyAtmosphere.TransmittanceLUT.UseSmallFormat:0]]
[2019.12.11-10.59.52:816][  0]LogConfig: Setting CVar [[r.SkyAtmosphere.TransmittanceLUT.SampleCount:10.0]]
[2019.12.11-10.59.52:816][  0]LogConfig: Setting CVar [[r.SkyAtmosphere.MultiScatteringLUT.SampleCount:15.0]]
[2019.12.11-10.59.52:816][  0]LogConfig: Applying CVar settings from Section [FoliageQuality@3] File [D:/Unreal/unreal.learn/first_hour_project/Saved/Config/Windows/Scalability.ini]
[2019.12.11-10.59.52:816][  0]LogConfig: Setting CVar [[foliage.DensityScale:1.0]]
[2019.12.11-10.59.52:816][  0]LogConfig: Setting CVar [[grass.DensityScale:1.0]]
[2019.12.11-10.59.52:816][  0]LogConfig: Applying CVar settings from Section [ShadingQuality@3] File [D:/Unreal/unreal.learn/first_hour_project/Saved/Config/Windows/Scalability.ini]
[2019.12.11-10.59.52:816][  0]LogConfig: Setting CVar [[r.HairStrands.SkyLighting.SampleCount:16]]
[2019.12.11-10.59.52:817][  0]LogConfig: Setting CVar [[r.HairStrands.SkyLighting.JitterIntegration:0]]
[2019.12.11-10.59.52:817][  0]LogConfig: Setting CVar [[r.HairStrands.SkyAO.SampleCount:16]]
[2019.12.11-10.59.52:817][  0]LogConfig: Applying CVar settings from Section [Startup] File [../../../Engine/Config/ConsoleVariables.ini]
[2019.12.11-10.59.52:817][  0]LogConfig: Setting CVar [[net.UseAdaptiveNetUpdateFrequency:0]]
[2019.12.11-10.59.52:817][  0]LogConfig: Setting CVar [[p.chaos.AllowCreatePhysxBodies:1]]
[2019.12.11-10.59.52:817][  0]LogConfig: Applying CVar settings from Section [ConsoleVariables] File [D:/Unreal/unreal.learn/first_hour_project/Saved/Config/Windows/Engine.ini]
[2019.12.11-10.59.52:817][  0]LogInit: Computer: RYNEX
[2019.12.11-10.59.52:817][  0]LogInit: User: mason
[2019.12.11-10.59.52:817][  0]LogInit: CPU Page size=4096, Cores=4
[2019.12.11-10.59.52:817][  0]LogInit: High frequency timer resolution =10.000000 MHz
[2019.12.11-10.59.52:817][  0]LogMemory: Memory total: Physical=31.9GB (32GB approx)
[2019.12.11-10.59.52:817][  0]LogMemory: Platform Memory Stats for Windows
[2019.12.11-10.59.52:817][  0]LogMemory: Process Physical Memory: 106.30 MB used, 106.31 MB peak
[2019.12.11-10.59.52:817][  0]LogMemory: Process Virtual Memory: 100.80 MB used, 100.80 MB peak
[2019.12.11-10.59.52:817][  0]LogMemory: Physical Memory: 10813.58 MB used,  21834.45 MB free, 32648.03 MB total
[2019.12.11-10.59.52:817][  0]LogMemory: Virtual Memory: 5103.43 MB used,  134212624.00 MB free, 134217728.00 MB total
[2019.12.11-10.59.52:827][  0]LogWindows: WindowsPlatformFeatures enabled
[2019.12.11-10.59.52:875][  0]LogInit: Overriding language with editor language configuration option (en).
[2019.12.11-10.59.52:875][  0]LogInit: Overriding locale with editor culture configuration option ().
[2019.12.11-10.59.52:875][  0]LogInit: Using OS detected locale (ko-KR).
[2019.12.11-10.59.53:047][  0]LogInit: Setting process to per monitor DPI aware
[2019.12.11-10.59.53:193][  0]LogSlate: New Slate User Created.  User Index 0, Is Virtual User: 0
[2019.12.11-10.59.53:193][  0]LogSlate: Slate User Registered.  User Index 0, Is Virtual User: 0
[2019.12.11-10.59.53:540][  0]LogHMD: Failed to initialize OpenVR with code 110
[2019.12.11-10.59.53:540][  0]LogD3D11RHI: D3D11 min allowed feature level: 11_0
[2019.12.11-10.59.53:540][  0]LogD3D11RHI: D3D11 max allowed feature level: 11_0
[2019.12.11-10.59.53:540][  0]LogD3D11RHI: D3D11 adapters:
[2019.12.11-10.59.53:664][  0]LogD3D11RHI:    0. 'NVIDIA GeForce GTX 1660 Ti' (Feature Level 11_0)
[2019.12.11-10.59.53:664][  0]LogD3D11RHI:       5991/0/16324 MB DedicatedVideo/DedicatedSystem/SharedSystem, Outputs:2, VendorId:0x10de
[2019.12.11-10.59.53:669][  0]LogD3D11RHI:    1. 'Microsoft Basic Render Driver' (Feature Level 11_0)
[2019.12.11-10.59.53:669][  0]LogD3D11RHI:       0/0/16324 MB DedicatedVideo/DedicatedSystem/SharedSystem, Outputs:0, VendorId:0x1414
[2019.12.11-10.59.53:669][  0]LogD3D11RHI: Chosen D3D11 Adapter: 0
[2019.12.11-10.59.53:678][  0]LogD3D11RHI: Creating new Direct3DDevice
[2019.12.11-10.59.53:678][  0]LogD3D11RHI:     GPU DeviceId: 0x2182 (for the marketing name, search the web for "GPU Device Id")
[2019.12.11-10.59.53:678][  0]LogWindows: EnumDisplayDevices:
[2019.12.11-10.59.53:678][  0]LogWindows:    0. 'NVIDIA GeForce GTX 1660 Ti' (P:0 D:1)
[2019.12.11-10.59.53:681][  0]LogWindows:    1. 'NVIDIA GeForce GTX 1660 Ti' (P:1 D:1)
[2019.12.11-10.59.53:683][  0]LogWindows:    2. 'NVIDIA GeForce GTX 1660 Ti' (P:0 D:0)
[2019.12.11-10.59.53:686][  0]LogWindows:    3. 'NVIDIA GeForce GTX 1660 Ti' (P:0 D:0)
[2019.12.11-10.59.53:687][  0]LogWindows: DebugString: FoundDriverCount:4 
[2019.12.11-10.59.53:687][  0]LogD3D11RHI:     Adapter Name: NVIDIA GeForce GTX 1660 Ti
[2019.12.11-10.59.53:687][  0]LogD3D11RHI:   Driver Version: 441.41 (internal:26.21.14.4141, unified:441.41)
[2019.12.11-10.59.53:687][  0]LogD3D11RHI:      Driver Date: 11-20-2019
[2019.12.11-10.59.53:687][  0]LogRHI: Texture pool is 4193 MB (70% of 5991 MB)
[2019.12.11-10.59.53:747][  0]LogD3D11RHI: RHI has support for 64 bit atomics
[2019.12.11-10.59.53:747][  0]LogD3D11RHI: Async texture creation enabled
[2019.12.11-10.59.53:766][  0]LogD3D11RHI: GPU Timing Frequency: 1000.000000 (Debug: 2 1)
[2019.12.11-10.59.53:774][  0]LogD3D11RHI: HDR output is supported on display 0 (NvId: 0x80061082).
[2019.12.11-10.59.55:302][  0]LogTargetPlatformManager: Display: Loaded TargetPlatform 'AllDesktop'
[2019.12.11-10.59.55:332][  0]LogTargetPlatformManager: Display: Loaded TargetPlatform 'Android'
[2019.12.11-10.59.55:332][  0]LogTargetPlatformManager: Display: Loaded TargetPlatform 'Android_ASTC'
[2019.12.11-10.59.55:332][  0]LogTargetPlatformManager: Display: Loaded TargetPlatform 'Android_ATC'
[2019.12.11-10.59.55:332][  0]LogTargetPlatformManager: Display: Loaded TargetPlatform 'Android_DXT'
[2019.12.11-10.59.55:332][  0]LogTargetPlatformManager: Display: Loaded TargetPlatform 'Android_ETC1'
[2019.12.11-10.59.55:332][  0]LogTargetPlatformManager: Display: Loaded TargetPlatform 'Android_ETC1a'
[2019.12.11-10.59.55:332][  0]LogTargetPlatformManager: Display: Loaded TargetPlatform 'Android_ETC2'
[2019.12.11-10.59.55:332][  0]LogTargetPlatformManager: Display: Loaded TargetPlatform 'Android_PVRTC'
[2019.12.11-10.59.55:332][  0]LogTargetPlatformManager: Display: Loaded TargetPlatform 'AndroidClient'
[2019.12.11-10.59.55:332][  0]LogTargetPlatformManager: Display: Loaded TargetPlatform 'Android_ASTCClient'
[2019.12.11-10.59.55:333][  0]LogTargetPlatformManager: Display: Loaded TargetPlatform 'Android_ATCClient'
[2019.12.11-10.59.55:333][  0]LogTargetPlatformManager: Display: Loaded TargetPlatform 'Android_DXTClient'
[2019.12.11-10.59.55:333][  0]LogTargetPlatformManager: Display: Loaded TargetPlatform 'Android_ETC1Client'
[2019.12.11-10.59.55:333][  0]LogTargetPlatformManager: Display: Loaded TargetPlatform 'Android_ETC1aClient'
[2019.12.11-10.59.55:333][  0]LogTargetPlatformManager: Display: Loaded TargetPlatform 'Android_ETC2Client'
[2019.12.11-10.59.55:333][  0]LogTargetPlatformManager: Display: Loaded TargetPlatform 'Android_PVRTCClient'
[2019.12.11-10.59.55:333][  0]LogTargetPlatformManager: Display: Loaded TargetPlatform 'Android_Multi'
[2019.12.11-10.59.55:333][  0]LogTargetPlatformManager: Display: Loaded TargetPlatform 'Android_MultiClient'
[2019.12.11-10.59.55:359][  0]LogTargetPlatformManager: Display: Loaded TargetPlatform 'IOSClient'
[2019.12.11-10.59.55:359][  0]LogTargetPlatformManager: Display: Loaded TargetPlatform 'IOS'
[2019.12.11-10.59.55:368][  0]LogTargetPlatformManager: Display: Loaded TargetPlatform 'LinuxNoEditor'
[2019.12.11-10.59.55:380][  0]LogTargetPlatformManager: Display: Loaded TargetPlatform 'LinuxClient'
[2019.12.11-10.59.55:390][  0]LogTargetPlatformManager: Display: Loaded TargetPlatform 'LinuxServer'
[2019.12.11-10.59.55:400][  0]LogTargetPlatformManager: Display: Loaded TargetPlatform 'LinuxAArch64NoEditor'
[2019.12.11-10.59.55:411][  0]LogTargetPlatformManager: Display: Loaded TargetPlatform 'LinuxAArch64Client'
[2019.12.11-10.59.55:421][  0]LogTargetPlatformManager: Display: Loaded TargetPlatform 'LinuxAArch64Server'
[2019.12.11-10.59.55:448][  0]LogTargetPlatformManager: Display: Loaded TargetPlatform 'Lumin'
[2019.12.11-10.59.55:448][  0]LogTargetPlatformManager: Display: Loaded TargetPlatform 'LuminClient'
[2019.12.11-10.59.55:463][  0]LogTargetPlatformManager: Display: Loaded TargetPlatform 'TVOSClient'
[2019.12.11-10.59.55:463][  0]LogTargetPlatformManager: Display: Loaded TargetPlatform 'TVOS'
[2019.12.11-10.59.55:472][  0]LogTargetPlatformManager: Display: Loaded TargetPlatform 'WindowsNoEditor'
[2019.12.11-10.59.55:482][  0]LogTargetPlatformManager: Display: Loaded TargetPlatform 'Windows'
[2019.12.11-10.59.55:491][  0]LogTargetPlatformManager: Display: Loaded TargetPlatform 'WindowsClient'
[2019.12.11-10.59.55:500][  0]LogTargetPlatformManager: Display: Loaded TargetPlatform 'WindowsServer'
[2019.12.11-10.59.55:500][  0]LogTargetPlatformManager: Display: Building Assets For Windows
[2019.12.11-10.59.55:510][  0]LogAudioDebug: Display: Lib vorbis DLL was dynamically loaded.
[2019.12.11-10.59.55:577][  0]LogShaderCompilers: Guid format shader working directory is 4 characters bigger than the processId version (D:/Unreal/unreal.learn/first_hour_project/Intermediate/Shaders/WorkingDirectory/21060/).
[2019.12.11-10.59.55:577][  0]LogShaderCompilers: Cleaned the shader compiler working directory 'C:/Users/mason/AppData/Local/Temp/UnrealShaderWorkingDir/9F2C2B8F4BD3CDC561D2A199A414C59C/'.
[2019.12.11-10.59.55:578][  0]LogXGEController: Cannot use XGE Controller as Incredibuild is not installed on this machine.
[2019.12.11-10.59.55:579][  0]LogShaderCompilers: Cannot use XGE Shader Compiler as Incredibuild is not installed on this machine.
[2019.12.11-10.59.55:579][  0]LogShaderCompilers: Display: Using Local Shader Compiler.
[2019.12.11-10.59.56:272][  0]LogDerivedDataCache: Display: Max Cache Size: 512 MB
[2019.12.11-10.59.56:382][  0]LogDerivedDataCache: Loaded boot cache 0.11s 133MB C:/Users/mason/AppData/Local/UnrealEngine/4.24/DerivedDataCache/Boot.ddc.
[2019.12.11-10.59.56:382][  0]LogDerivedDataCache: Display: Loaded Boot cache: C:/Users/mason/AppData/Local/UnrealEngine/4.24/DerivedDataCache/Boot.ddc
[2019.12.11-10.59.56:382][  0]LogDerivedDataCache: FDerivedDataBackendGraph:  Pak pak cache file D:/Unreal/unreal.learn/first_hour_project/DerivedDataCache/DDC.ddp not found, will not use a pak cache.
[2019.12.11-10.59.56:382][  0]LogDerivedDataCache: Unable to find inner node Pak for hierarchical cache Hierarchy.
[2019.12.11-10.59.56:382][  0]LogDerivedDataCache: FDerivedDataBackendGraph:  CompressedPak pak cache file D:/Unreal/unreal.learn/first_hour_project/DerivedDataCache/Compressed.ddp not found, will not use a pak cache.
[2019.12.11-10.59.56:382][  0]LogDerivedDataCache: Unable to find inner node CompressedPak for hierarchical cache Hierarchy.
[2019.12.11-10.59.56:393][  0]LogDerivedDataCache: Display: Pak cache opened for reading ../../../Engine/DerivedDataCache/Compressed.ddp.
[2019.12.11-10.59.56:393][  0]LogDerivedDataCache: FDerivedDataBackendGraph:  EnterprisePak pak cache file ../../../Enterprise/DerivedDataCache/Compressed.ddp not found, will not use a pak cache.
[2019.12.11-10.59.56:393][  0]LogDerivedDataCache: Unable to find inner node EnterprisePak for hierarchical cache Hierarchy.
[2019.12.11-10.59.56:395][  0]LogDerivedDataCache: Using Local data cache path C:/Users/mason/AppData/Local/UnrealEngine/Common/DerivedDataCache: Writable
[2019.12.11-10.59.56:395][  0]LogDerivedDataCache: Shared data cache path not found in *engine.ini, will not use an Shared cache.
[2019.12.11-10.59.56:395][  0]LogDerivedDataCache: Unable to find inner node Shared for hierarchical cache Hierarchy.
[2019.12.11-10.59.56:417][  0]LogMaterial: Verifying Global Shaders for PCD3D_SM5
[2019.12.11-10.59.56:419][  0]LogSlate: Using FreeType 2.10.0
[2019.12.11-10.59.56:420][  0]LogSlate: SlateFontServices - WITH_FREETYPE: 1, WITH_HARFBUZZ: 1
[2019.12.11-10.59.56:502][  0]LogAssetRegistry: FAssetRegistry took 0.0026 seconds to start up
[2019.12.11-10.59.56:771][  0]LogInit: Selected Device Profile: [Windows]
[2019.12.11-10.59.56:940][  0]LogMeshReduction: Using QuadricMeshReduction for automatic static mesh reduction
[2019.12.11-10.59.56:940][  0]LogMeshReduction: Using SimplygonMeshReduction for automatic skeletal mesh reduction
[2019.12.11-10.59.56:940][  0]LogMeshReduction: Using ProxyLODMeshReduction for automatic mesh merging
[2019.12.11-10.59.56:940][  0]LogMeshReduction: No distributed automatic mesh merging module available
[2019.12.11-10.59.56:940][  0]LogMeshMerging: No distributed automatic mesh merging module available
[2019.12.11-10.59.56:961][  0]LogNetVersion: first_hour_project 1.0.0, NetCL: 10570792, EngineNetVer: 13, GameNetVer: 0 (Checksum: 1736760054)
[2019.12.11-10.59.58:353][  0]LogPackageLocalizationCache: Processed 10 localized package path(s) for 1 prioritized culture(s) in 0.037843 seconds
[2019.12.11-10.59.58:360][  0]LogUObjectArray: 46750 objects as part of root set at end of initial load.
[2019.12.11-10.59.58:360][  0]LogUObjectAllocator: 8137160 out of 0 bytes used by permanent object pool.
[2019.12.11-10.59.58:360][  0]LogUObjectArray: CloseDisregardForGC: 0/0 objects in disregard for GC pool
[2019.12.11-10.59.58:925][  0]LogTcpMessaging: Initializing TcpMessaging bridge
[2019.12.11-10.59.58:967][  0]LogUdpMessaging: Initializing bridge on interface 0.0.0.0:0 to multicast group 230.0.0.1:6666.
[2019.12.11-10.59.59:058][  0]SourceControl: Source control is disabled
[2019.12.11-10.59.59:058][  0]SourceControl: Source control is disabled
[2019.12.11-10.59.59:062][  0]SourceControl: Source control is disabled
[2019.12.11-10.59.59:066][  0]SourceControl: Source control is disabled
[2019.12.11-10.59.59:069][  0]SourceControl: Source control is disabled
[2019.12.11-10.59.59:258][  0]LogAndroidPermission: UAndroidPermissionCallbackProxy::GetInstance
[2019.12.11-10.59.59:284][  0]LogAudioCaptureCore: Display: No Audio Capture implementations found. Audio input will be silent.
[2019.12.11-10.59.59:284][  0]LogAudioCaptureCore: Display: No Audio Capture implementations found. Audio input will be silent.
[2019.12.11-10.59.59:382][  0]LogOcInput: OculusInput pre-init called
[2019.12.11-10.59.59:397][  0]LogWindows: Failed to load 'OVRPlugin.dll' (GetLastError=126)
[2019.12.11-10.59.59:397][  0]LogWindows: File 'OVRPlugin.dll' does not exist
[2019.12.11-10.59.59:473][  0]LogEngine: Initializing Engine...
[2019.12.11-10.59.59:474][  0]LogHMD: Failed to initialize OpenVR with code 110
[2019.12.11-10.59.59:475][  0]LogStats: UGameplayTagsManager::InitializeManager -  0.000 s
[2019.12.11-10.59.59:778][  0]LogInit: Initializing FReadOnlyCVARCache
[2019.12.11-10.59.59:788][  0]LogAIModule: Creating AISystem for world Untitled
[2019.12.11-10.59.59:800][  0]LogAudioMixer: Display: Audio Mixer Platform Settings:
[2019.12.11-10.59.59:800][  0]LogAudioMixer: Display: 	Sample Rate:						  48000
[2019.12.11-10.59.59:800][  0]LogAudioMixer: Display: 	Callback Buffer Frame Size Requested: 1024
[2019.12.11-10.59.59:800][  0]LogAudioMixer: Display: 	Callback Buffer Frame Size To Use:	  1024
[2019.12.11-10.59.59:800][  0]LogAudioMixer: Display: 	Number of buffers to queue:			  2
[2019.12.11-10.59.59:800][  0]LogAudioMixer: Display: 	Max Channels (voices):				  32
[2019.12.11-10.59.59:800][  0]LogAudioMixer: Display: 	Number of Async Source Workers:		  0
[2019.12.11-10.59.59:800][  0]LogAudio: Display: AudioDevice MaxSources: 32
[2019.12.11-10.59.59:801][  0]LogAudio: Display: Using built-in audio occlusion.
[2019.12.11-10.59.59:801][  0]LogAudioMixer: Display: Initializing audio mixer.
[2019.12.11-11.00.00:013][  0]LogAudioMixer: Display: Audio Device Output Speaker Info:
[2019.12.11-11.00.00:013][  0]LogAudioMixer: Display: Name: DELL U2718Q(2- NVIDIA High Definition Audio)
[2019.12.11-11.00.00:013][  0]LogAudioMixer: Display: Is Default: Yes
[2019.12.11-11.00.00:013][  0]LogAudioMixer: Display: Sample Rate: 48000
[2019.12.11-11.00.00:013][  0]LogAudioMixer: Display: Channel Count Used: 2
[2019.12.11-11.00.00:013][  0]LogAudioMixer: Display: Device Channel Count: 2
[2019.12.11-11.00.00:013][  0]LogAudioMixer: Display: Channel Order:
[2019.12.11-11.00.00:013][  0]LogAudioMixer: Display: 0: FrontLeft
[2019.12.11-11.00.00:013][  0]LogAudioMixer: Display: 1: FrontRight
[2019.12.11-11.00.00:130][  0]LogAudioMixer: Display: Using Audio Device DELL U2718Q(2- NVIDIA High Definition Audio)
[2019.12.11-11.00.00:134][  0]LogInit: FAudioDevice initialized.
[2019.12.11-11.00.00:145][  0]LogNetVersion: Set ProjectVersion to 1.0.0.0. Version Checksum will be recalculated on next use.
[2019.12.11-11.00.00:371][  0]LogDerivedDataCache: Saved boot cache 0.23s 133MB C:/Users/mason/AppData/Local/UnrealEngine/4.24/DerivedDataCache/Boot.ddc.
[2019.12.11-11.00.00:372][  0]LogInit: Texture streaming: Enabled
[2019.12.11-11.00.00:404][  0]LogEngineSessionManager: EngineSessionManager initialized
[2019.12.11-11.00.00:404][  0]LogEditorSessionSummary: Verbose: Initializing EditorSessionSummaryWriter for editor session tracking
[2019.12.11-11.00.00:430][  0]LogEditorSessionSummary: EditorSessionSummaryWriter initialized
[2019.12.11-11.00.00:450][  0]LogInit: Transaction tracking system initialized
[2019.12.11-11.00.00:476][  0]BlueprintLog: New page: Editor Load
[2019.12.11-11.00.00:574][  0]LocalizationService: Localization service is disabled
[2019.12.11-11.00.01:238][  0]LogFileCache: Scanning file cache for directory 'D:/Unreal/unreal.learn/first_hour_project/Content/' took 0.05s
[2019.12.11-11.00.01:238][  0]LogCook: Display: Max memory allowance for cook 16384mb min free memory 0mb
[2019.12.11-11.00.01:238][  0]LogCook: Display: Mobile HDR setting 1
[2019.12.11-11.00.02:474][  0]SourceControl: Source control is disabled
[2019.12.11-11.00.02:474][  0]Cmd: MAP LOAD FILE="D:/Unreal/unreal.learn/first_hour_project/Content/ThirdPersonBP/Maps/ThirdPersonExampleMap.umap" TEMPLATE=0 SHOWPROGRESS=1 FEATURELEVEL=3
[2019.12.11-11.00.02:475][  0]LightingResults: New page: Lighting Build
[2019.12.11-11.00.02:475][  0]LogWorld: UWorld::CleanupWorld for Untitled, bSessionEnded=true, bCleanupResources=true
[2019.12.11-11.00.02:475][  0]LogSlate: InvalidateAllWidgets triggered.  All widgets were invalidated
[2019.12.11-11.00.02:476][  0]MapCheck: New page: Map Check
[2019.12.11-11.00.02:476][  0]LightingResults: New page: Lighting Build
[2019.12.11-11.00.02:496][  0]LogUObjectHash: Compacting FUObjectHashTables data took   1.54ms
[2019.12.11-11.00.06:398][  0]LogAIModule: Creating AISystem for world ThirdPersonExampleMap
[2019.12.11-11.00.07:737][  0]LogEditorServer: Finished looking for orphan Actors (0.000 secs)
[2019.12.11-11.00.07:988][  0]LogUObjectHash: Compacting FUObjectHashTables data took   2.04ms
[2019.12.11-11.00.07:988][  0]Cmd: MAP CHECKDEP NOCLEARLOG
[2019.12.11-11.00.07:989][  0]MapCheck: Map check complete: 0 Error(s), 0 Warning(s), took 0.091ms to complete.
[2019.12.11-11.00.07:989][  0]LogFileHelpers: Loading map 'ThirdPersonExampleMap' took 5.515
[2019.12.11-11.00.11:758][  0]LogSlate: Updating window title bar state: overlay mode, drag disabled, window buttons hidden, title bar hidden
[2019.12.11-11.00.11:930][  0]LogSlate: Updating window title bar state: overlay mode, drag disabled, window buttons hidden, title bar hidden
[2019.12.11-11.00.11:939][  0]LogSlate: Updating window title bar state: overlay mode, drag disabled, window buttons hidden, title bar hidden
[2019.12.11-11.00.11:945][  0]LogSlate: Updating window title bar state: overlay mode, drag disabled, window buttons hidden, title bar hidden
[2019.12.11-11.00.12:481][  0]LogCollectionManager: Loaded 0 collections in 0.002240 seconds
[2019.12.11-11.00.13:964][  0]LogFileCache: Scanning file cache for directory 'D:/Unreal/unreal.learn/first_hour_project/Saved/Collections/' took 0.00s
[2019.12.11-11.00.13:964][  0]LogFileCache: Scanning file cache for directory 'D:/Unreal/unreal.learn/first_hour_project/Content/Developers/mason/Collections/' took 0.00s
[2019.12.11-11.00.13:964][  0]LogFileCache: Scanning file cache for directory 'D:/Unreal/unreal.learn/first_hour_project/Content/Collections/' took 0.00s
[2019.12.11-11.00.13:964][  0]LogContentBrowser: Native class hierarchy populated in 0.0330 seconds. Added 3015 classes and 717 folders.
[2019.12.11-11.00.14:446][  0]LogContentBrowser: Native class hierarchy updated for 'WidgetCarousel' in 0.0003 seconds. Added 0 classes and 0 folders.
[2019.12.11-11.00.14:569][  0]LogContentBrowser: Native class hierarchy updated for 'AddContentDialog' in 0.0002 seconds. Added 0 classes and 0 folders.
[2019.12.11-11.00.15:537][  0]LogContentBrowser: Native class hierarchy updated for 'SceneOutliner' in 0.0003 seconds. Added 2 classes and 3 folders.
[2019.12.11-11.00.25:380][  0]LogContentBrowser: Native class hierarchy updated for 'WorldBrowser' in 0.0007 seconds. Added 2 classes and 3 folders.
[2019.12.11-11.00.26:207][  0]LogSlate: Updating window title bar state: overlay mode, drag disabled, window buttons hidden, title bar hidden
[2019.12.11-11.00.26:216][  0]LogSlate: Updating window title bar state: overlay mode, drag disabled, window buttons hidden, title bar hidden
[2019.12.11-11.00.26:223][  0]LogSlate: Updating window title bar state: overlay mode, drag disabled, window buttons hidden, title bar hidden
[2019.12.11-11.00.26:230][  0]LogSlate: Updating window title bar state: overlay mode, drag disabled, window buttons hidden, title bar hidden
[2019.12.11-11.00.26:922][  0]LogSlate: Took 0.000317 seconds to synchronously load lazily loaded font '../../../Engine/Content/Slate/Fonts/Roboto-Regular.ttf' (155K)
[2019.12.11-11.00.26:939][  0]LogSlate: Took 0.000403 seconds to synchronously load lazily loaded font '../../../Engine/Content/Slate/Fonts/Roboto-Bold.ttf' (160K)
[2019.12.11-11.00.27:269][  0]LogSlate: Took 0.026999 seconds to synchronously load lazily loaded font '../../../Engine/Content/Editor/Slate/Fonts/FontAwesome.ttf' (139K)
[2019.12.11-11.00.29:819][  0]LogRenderer: Reallocating scene render targets to support 1652x800 Format 10 NumSamples 1 (Frame:1).
[2019.12.11-11.00.31:849][  0]LogRenderer: Reallocating scene render targets to support 1652x824 Format 10 NumSamples 1 (Frame:2).
[2019.12.11-11.00.32:025][  0]LogContentBrowser: Native class hierarchy updated for 'HierarchicalLODOutliner' in 0.0003 seconds. Added 0 classes and 0 folders.
[2019.12.11-11.00.32:025][  0]LogLoad: (Engine Initialization) Total time: 42.00 seconds
[2019.12.11-11.00.32:025][  0]LogLoad: (Engine Initialization) Total Blueprint compile time: 0.00 seconds
[2019.12.11-11.00.32:249][  0]LogAssetRegistry: Asset discovery search completed in 35.7476 seconds
[2019.12.11-11.00.32:252][  0]LogCollectionManager: Fixed up redirectors for 0 collections in 0.000007 seconds (updated 0 objects)
[2019.12.11-11.00.32:298][  0]LogContentStreaming: Texture pool size now 1000 MB
[2019.12.11-11.00.58:982][596]LogSlate: Window 'Layers' being destroyed
[2019.12.11-11.00.59:002][596]LogSlate: Window 'Layers' being destroyed
[2019.12.11-11.02.25:882][552]LogSlate: Window 'Details' being destroyed
[2019.12.11-11.02.25:908][552]LogSlate: Window 'Details' being destroyed
[2019.12.11-11.02.46:351][661]LogTemp: Repeating last play command: Selected Viewport
[2019.12.11-11.02.46:432][661]LogBlueprintUserMessages: Early PlayInEditor Detection: Level '/Game/ThirdPersonBP/Maps/ThirdPersonExampleMap.ThirdPersonExampleMap:PersistentLevel' has LevelScriptBlueprint '/Game/ThirdPersonBP/Maps/ThirdPersonExampleMap.ThirdPersonExampleMap:PersistentLevel.ThirdPersonExampleMap' with GeneratedClass '/Game/ThirdPersonBP/Maps/ThirdPersonExampleMap.ThirdPersonExampleMap_C' with ClassGeneratedBy '/Game/ThirdPersonBP/Maps/ThirdPersonExampleMap.ThirdPersonExampleMap:PersistentLevel.ThirdPersonExampleMap'
[2019.12.11-11.02.46:474][661]LogPlayLevel: PlayLevel: No blueprints needed recompiling
[2019.12.11-11.02.46:488][661]PIE: New page: PIE session: ThirdPersonExampleMap (2019. 12. 12. 오전 5:02:46)
[2019.12.11-11.02.46:525][661]LogOnline: OSS: Creating online subsystem instance for: NULL
[2019.12.11-11.02.46:529][661]LogOnline: OSS: TryLoadSubsystemAndSetDefault: Loaded subsystem for module [NULL]
[2019.12.11-11.02.46:559][661]LogPlayLevel: Creating play world package: /Game/ThirdPersonBP/Maps/UEDPIE_0_ThirdPersonExampleMap
[2019.12.11-11.02.46:633][661]LogPlayLevel: PIE: StaticDuplicateObject took: (0.073178s)
[2019.12.11-11.02.46:634][661]LogAIModule: Creating AISystem for world ThirdPersonExampleMap
[2019.12.11-11.02.46:634][661]LogPlayLevel: PIE: World Init took: (0.001559s)
[2019.12.11-11.02.46:634][661]LogPlayLevel: PIE: Created PIE world by copying editor world from /Game/ThirdPersonBP/Maps/ThirdPersonExampleMap.ThirdPersonExampleMap to /Game/ThirdPersonBP/Maps/UEDPIE_0_ThirdPersonExampleMap.ThirdPersonExampleMap (0.075394s)
[2019.12.11-11.02.46:661][661]LogUObjectHash: Compacting FUObjectHashTables data took   1.29ms
[2019.12.11-11.02.46:674][661]LogAudioMixer: Display: Audio Mixer Platform Settings:
[2019.12.11-11.02.46:674][661]LogAudioMixer: Display: 	Sample Rate:						  48000
[2019.12.11-11.02.46:674][661]LogAudioMixer: Display: 	Callback Buffer Frame Size Requested: 1024
[2019.12.11-11.02.46:675][661]LogAudioMixer: Display: 	Callback Buffer Frame Size To Use:	  1024
[2019.12.11-11.02.46:675][661]LogAudioMixer: Display: 	Number of buffers to queue:			  2
[2019.12.11-11.02.46:675][661]LogAudioMixer: Display: 	Max Channels (voices):				  32
[2019.12.11-11.02.46:675][661]LogAudioMixer: Display: 	Number of Async Source Workers:		  0
[2019.12.11-11.02.46:675][661]LogAudio: Display: AudioDevice MaxSources: 32
[2019.12.11-11.02.46:675][661]LogAudio: Display: Using built-in audio occlusion.
[2019.12.11-11.02.46:675][661]LogAudioMixer: Display: Initializing audio mixer.
[2019.12.11-11.02.46:868][661]LogAudioMixer: Display: Audio Device Output Speaker Info:
[2019.12.11-11.02.46:868][661]LogAudioMixer: Display: Name: DELL U2718Q(2- NVIDIA High Definition Audio)
[2019.12.11-11.02.46:868][661]LogAudioMixer: Display: Is Default: Yes
[2019.12.11-11.02.46:868][661]LogAudioMixer: Display: Sample Rate: 48000
[2019.12.11-11.02.46:868][661]LogAudioMixer: Display: Channel Count Used: 2
[2019.12.11-11.02.46:868][661]LogAudioMixer: Display: Device Channel Count: 2
[2019.12.11-11.02.46:868][661]LogAudioMixer: Display: Channel Order:
[2019.12.11-11.02.46:868][661]LogAudioMixer: Display: 0: FrontLeft
[2019.12.11-11.02.46:868][661]LogAudioMixer: Display: 1: FrontRight
[2019.12.11-11.02.46:937][661]LogAudioMixer: Display: Using Audio Device DELL U2718Q(2- NVIDIA High Definition Audio)
[2019.12.11-11.02.46:938][661]LogInit: FAudioDevice initialized.
[2019.12.11-11.02.47:010][661]LogLoad: Game class is 'ThirdPersonGameMode_C'
[2019.12.11-11.02.47:054][661]LogWorld: Bringing World /Game/ThirdPersonBP/Maps/UEDPIE_0_ThirdPersonExampleMap.ThirdPersonExampleMap up for play (max tick rate 0) at 2019.12.11-20.02.47
[2019.12.11-11.02.47:068][661]LogWorld: Bringing up level for play took: 0.035864
[2019.12.11-11.02.47:073][661]LogOnline: OSS: Creating online subsystem instance for: :Context_6
[2019.12.11-11.02.47:246][661]LogContentBrowser: Native class hierarchy updated for 'MovieSceneCapture' in 0.0006 seconds. Added 20 classes and 0 folders.
[2019.12.11-11.02.47:284][661]PIE: Play in editor start time for /Game/ThirdPersonBP/Maps/UEDPIE_0_ThirdPersonExampleMap 0.966
[2019.12.11-11.02.47:284][661]LogBlueprintUserMessages: Late PlayInEditor Detection: Level '/Game/ThirdPersonBP/Maps/ThirdPersonExampleMap.ThirdPersonExampleMap:PersistentLevel' has LevelScriptBlueprint '/Game/ThirdPersonBP/Maps/ThirdPersonExampleMap.ThirdPersonExampleMap:PersistentLevel.ThirdPersonExampleMap' with GeneratedClass '/Game/ThirdPersonBP/Maps/ThirdPersonExampleMap.ThirdPersonExampleMap_C' with ClassGeneratedBy '/Game/ThirdPersonBP/Maps/ThirdPersonExampleMap.ThirdPersonExampleMap:PersistentLevel.ThirdPersonExampleMap'
[2019.12.11-11.03.24:597][ 84]LogAudioMixer: Display: No commands were queued while flushing the source manager.
[2019.12.11-11.03.24:597][ 84]LogAudioMixer: Display: No commands were queued while flushing the source manager.
[2019.12.11-11.03.24:597][ 84]LogBlueprintUserMessages: Early EndPlayMap Detection: Level '/Game/ThirdPersonBP/Maps/ThirdPersonExampleMap.ThirdPersonExampleMap:PersistentLevel' has LevelScriptBlueprint '/Game/ThirdPersonBP/Maps/ThirdPersonExampleMap.ThirdPersonExampleMap:PersistentLevel.ThirdPersonExampleMap' with GeneratedClass '/Game/ThirdPersonBP/Maps/ThirdPersonExampleMap.ThirdPersonExampleMap_C' with ClassGeneratedBy '/Game/ThirdPersonBP/Maps/ThirdPersonExampleMap.ThirdPersonExampleMap:PersistentLevel.ThirdPersonExampleMap'
[2019.12.11-11.03.24:640][ 84]LogSlate: Updating window title bar state: overlay mode, drag disabled, window buttons hidden, title bar hidden
[2019.12.11-11.03.24:640][ 84]LogWorld: BeginTearingDown for /Game/ThirdPersonBP/Maps/UEDPIE_0_ThirdPersonExampleMap
[2019.12.11-11.03.24:640][ 84]LogAudioMixer: Display: No commands were queued while flushing the source manager.
[2019.12.11-11.03.24:641][ 84]LogWorld: UWorld::CleanupWorld for ThirdPersonExampleMap, bSessionEnded=true, bCleanupResources=true
[2019.12.11-11.03.24:645][ 84]LogSlate: InvalidateAllWidgets triggered.  All widgets were invalidated
[2019.12.11-11.03.24:684][ 84]LogPlayLevel: Display: Shutting down PIE online subsystems
[2019.12.11-11.03.24:684][ 84]LogBlueprintUserMessages: Late EndPlayMap Detection: Level '/Game/ThirdPersonBP/Maps/ThirdPersonExampleMap.ThirdPersonExampleMap:PersistentLevel' has LevelScriptBlueprint '/Game/ThirdPersonBP/Maps/ThirdPersonExampleMap.ThirdPersonExampleMap:PersistentLevel.ThirdPersonExampleMap' with GeneratedClass '/Game/ThirdPersonBP/Maps/ThirdPersonExampleMap.ThirdPersonExampleMap_C' with ClassGeneratedBy '/Game/ThirdPersonBP/Maps/ThirdPersonExampleMap.ThirdPersonExampleMap:PersistentLevel.ThirdPersonExampleMap'
[2019.12.11-11.03.24:711][ 84]LogSlate: InvalidateAllWidgets triggered.  All widgets were invalidated
[2019.12.11-11.03.24:757][ 84]LogAudioMixer: Display: No commands were queued while flushing the source manager.
[2019.12.11-11.03.24:790][ 84]LogSlate: Updating window title bar state: overlay mode, drag disabled, window buttons hidden, title bar hidden
[2019.12.11-11.03.24:839][ 84]LogUObjectHash: Compacting FUObjectHashTables data took   1.72ms
[2019.12.11-11.03.24:880][ 85]LogPlayLevel: Display: Destroying online subsystem :Context_6
[2019.12.11-11.04.10:550][886]LogSlate: Took 0.000396 seconds to synchronously load lazily loaded font '../../../Engine/Content/Slate/Fonts/Roboto-Light.ttf' (167K)
[2019.12.11-11.04.13:068][105]LogContentBrowser: Verbose: The majority of assets in the view are of type: AnimSequence
[2019.12.11-11.04.47:893][979]LogTemp: Repeating last play command: Selected Viewport
[2019.12.11-11.04.47:896][979]LogBlueprintUserMessages: Early PlayInEditor Detection: Level '/Game/ThirdPersonBP/Maps/ThirdPersonExampleMap.ThirdPersonExampleMap:PersistentLevel' has LevelScriptBlueprint '/Game/ThirdPersonBP/Maps/ThirdPersonExampleMap.ThirdPersonExampleMap:PersistentLevel.ThirdPersonExampleMap' with GeneratedClass '/Game/ThirdPersonBP/Maps/ThirdPersonExampleMap.ThirdPersonExampleMap_C' with ClassGeneratedBy '/Game/ThirdPersonBP/Maps/ThirdPersonExampleMap.ThirdPersonExampleMap:PersistentLevel.ThirdPersonExampleMap'
[2019.12.11-11.04.47:896][979]LogPlayLevel: PlayLevel: No blueprints needed recompiling
[2019.12.11-11.04.47:897][979]PIE: New page: PIE session: ThirdPersonExampleMap (2019. 12. 12. 오전 5:04:47)
[2019.12.11-11.04.47:897][979]LogPlayLevel: Creating play world package: /Game/ThirdPersonBP/Maps/UEDPIE_0_ThirdPersonExampleMap
[2019.12.11-11.04.47:906][979]LogPlayLevel: PIE: StaticDuplicateObject took: (0.009182s)
[2019.12.11-11.04.47:907][979]LogAIModule: Creating AISystem for world ThirdPersonExampleMap
[2019.12.11-11.04.47:918][979]LogPlayLevel: PIE: World Init took: (0.011557s)
[2019.12.11-11.04.47:918][979]LogPlayLevel: PIE: Created PIE world by copying editor world from /Game/ThirdPersonBP/Maps/ThirdPersonExampleMap.ThirdPersonExampleMap to /Game/ThirdPersonBP/Maps/UEDPIE_0_ThirdPersonExampleMap.ThirdPersonExampleMap (0.021064s)
[2019.12.11-11.04.47:940][979]LogUObjectHash: Compacting FUObjectHashTables data took   1.55ms
[2019.12.11-11.04.47:941][979]LogAudioMixer: Display: Audio Mixer Platform Settings:
[2019.12.11-11.04.47:941][979]LogAudioMixer: Display: 	Sample Rate:						  48000
[2019.12.11-11.04.47:941][979]LogAudioMixer: Display: 	Callback Buffer Frame Size Requested: 1024
[2019.12.11-11.04.47:941][979]LogAudioMixer: Display: 	Callback Buffer Frame Size To Use:	  1024
[2019.12.11-11.04.47:941][979]LogAudioMixer: Display: 	Number of buffers to queue:			  2
[2019.12.11-11.04.47:941][979]LogAudioMixer: Display: 	Max Channels (voices):				  32
[2019.12.11-11.04.47:941][979]LogAudioMixer: Display: 	Number of Async Source Workers:		  0
[2019.12.11-11.04.47:941][979]LogAudio: Display: AudioDevice MaxSources: 32
[2019.12.11-11.04.47:942][979]LogAudio: Display: Using built-in audio occlusion.
[2019.12.11-11.04.47:942][979]LogAudioMixer: Display: Initializing audio mixer.
[2019.12.11-11.04.48:121][979]LogAudioMixer: Display: Audio Device Output Speaker Info:
[2019.12.11-11.04.48:122][979]LogAudioMixer: Display: Name: DELL U2718Q(2- NVIDIA High Definition Audio)
[2019.12.11-11.04.48:122][979]LogAudioMixer: Display: Is Default: Yes
[2019.12.11-11.04.48:122][979]LogAudioMixer: Display: Sample Rate: 48000
[2019.12.11-11.04.48:122][979]LogAudioMixer: Display: Channel Count Used: 2
[2019.12.11-11.04.48:122][979]LogAudioMixer: Display: Device Channel Count: 2
[2019.12.11-11.04.48:122][979]LogAudioMixer: Display: Channel Order:
[2019.12.11-11.04.48:122][979]LogAudioMixer: Display: 0: FrontLeft
[2019.12.11-11.04.48:122][979]LogAudioMixer: Display: 1: FrontRight
[2019.12.11-11.04.48:191][979]LogAudioMixer: Display: Using Audio Device DELL U2718Q(2- NVIDIA High Definition Audio)
[2019.12.11-11.04.48:192][979]LogInit: FAudioDevice initialized.
[2019.12.11-11.04.48:202][979]LogLoad: Game class is 'ThirdPersonGameMode_C'
[2019.12.11-11.04.48:204][979]LogWorld: Bringing World /Game/ThirdPersonBP/Maps/UEDPIE_0_ThirdPersonExampleMap.ThirdPersonExampleMap up for play (max tick rate 0) at 2019.12.11-20.04.48
[2019.12.11-11.04.48:204][979]LogWorld: Bringing up level for play took: 0.001589
[2019.12.11-11.04.48:204][979]LogOnline: OSS: Creating online subsystem instance for: :Context_10
[2019.12.11-11.04.48:206][979]PIE: Play in editor start time for /Game/ThirdPersonBP/Maps/UEDPIE_0_ThirdPersonExampleMap -0.111
[2019.12.11-11.04.48:206][979]LogBlueprintUserMessages: Late PlayInEditor Detection: Level '/Game/ThirdPersonBP/Maps/ThirdPersonExampleMap.ThirdPersonExampleMap:PersistentLevel' has LevelScriptBlueprint '/Game/ThirdPersonBP/Maps/ThirdPersonExampleMap.ThirdPersonExampleMap:PersistentLevel.ThirdPersonExampleMap' with GeneratedClass '/Game/ThirdPersonBP/Maps/ThirdPersonExampleMap.ThirdPersonExampleMap_C' with ClassGeneratedBy '/Game/ThirdPersonBP/Maps/ThirdPersonExampleMap.ThirdPersonExampleMap:PersistentLevel.ThirdPersonExampleMap'
[2019.12.11-11.04.51:151][324]LogAudioMixer: Display: No commands were queued while flushing the source manager.
[2019.12.11-11.04.51:151][324]LogAudioMixer: Display: No commands were queued while flushing the source manager.
[2019.12.11-11.04.51:151][324]LogBlueprintUserMessages: Early EndPlayMap Detection: Level '/Game/ThirdPersonBP/Maps/ThirdPersonExampleMap.ThirdPersonExampleMap:PersistentLevel' has LevelScriptBlueprint '/Game/ThirdPersonBP/Maps/ThirdPersonExampleMap.ThirdPersonExampleMap:PersistentLevel.ThirdPersonExampleMap' with GeneratedClass '/Game/ThirdPersonBP/Maps/ThirdPersonExampleMap.ThirdPersonExampleMap_C' with ClassGeneratedBy '/Game/ThirdPersonBP/Maps/ThirdPersonExampleMap.ThirdPersonExampleMap:PersistentLevel.ThirdPersonExampleMap'
[2019.12.11-11.04.51:151][324]LogSlate: Updating window title bar state: overlay mode, drag disabled, window buttons hidden, title bar hidden
[2019.12.11-11.04.51:151][324]LogWorld: BeginTearingDown for /Game/ThirdPersonBP/Maps/UEDPIE_0_ThirdPersonExampleMap
[2019.12.11-11.04.51:151][324]LogAudioMixer: Display: No commands were queued while flushing the source manager.
[2019.12.11-11.04.51:151][324]LogWorld: UWorld::CleanupWorld for ThirdPersonExampleMap, bSessionEnded=true, bCleanupResources=true
[2019.12.11-11.04.51:152][324]LogSlate: InvalidateAllWidgets triggered.  All widgets were invalidated
[2019.12.11-11.04.51:159][324]LogPlayLevel: Display: Shutting down PIE online subsystems
[2019.12.11-11.04.51:160][324]LogBlueprintUserMessages: Late EndPlayMap Detection: Level '/Game/ThirdPersonBP/Maps/ThirdPersonExampleMap.ThirdPersonExampleMap:PersistentLevel' has LevelScriptBlueprint '/Game/ThirdPersonBP/Maps/ThirdPersonExampleMap.ThirdPersonExampleMap:PersistentLevel.ThirdPersonExampleMap' with GeneratedClass '/Game/ThirdPersonBP/Maps/ThirdPersonExampleMap.ThirdPersonExampleMap_C' with ClassGeneratedBy '/Game/ThirdPersonBP/Maps/ThirdPersonExampleMap.ThirdPersonExampleMap:PersistentLevel.ThirdPersonExampleMap'
[2019.12.11-11.04.51:162][324]LogSlate: InvalidateAllWidgets triggered.  All widgets were invalidated
[2019.12.11-11.04.51:181][324]LogAudioMixer: Display: No commands were queued while flushing the source manager.
[2019.12.11-11.04.51:185][324]LogSlate: Updating window title bar state: overlay mode, drag disabled, window buttons hidden, title bar hidden
[2019.12.11-11.04.51:188][324]LogUObjectHash: Compacting FUObjectHashTables data took   1.43ms
[2019.12.11-11.04.51:253][329]LogPlayLevel: Display: Destroying online subsystem :Context_10
[2019.12.11-11.05.16:039][635]LogMaterial: Display: Missing cached shader map for material LayerVisMaterial, compiling. 
[2019.12.11-11.05.16:201][635]LogShaderCompilers: Display: Worker (1/5): shaders left to compile 8
[2019.12.11-11.05.16:202][635]LogShaderCompilers: Display: Worker (2/5): shaders left to compile 5
[2019.12.11-11.05.16:202][635]LogShaderCompilers: Display: Worker (3/5): shaders left to compile 2
[2019.12.11-11.05.16:202][635]LogMaterial: Display: Missing cached shader map for material SelectBrushMaterial, compiling. 
[2019.12.11-11.05.16:255][635]LogMaterial: Display: Missing cached shader map for material SelectBrushMaterial, compiling. 
[2019.12.11-11.05.16:313][635]LogMaterial: Display: Missing cached shader map for material MaskBrushMaterial, compiling. 
[2019.12.11-11.05.16:371][635]LogShaderCompilers: Display: Worker (4/5): shaders left to compile 60
[2019.12.11-11.05.16:371][635]LogMaterial: Display: Missing cached shader map for material ColorMaskBrushMaterial, compiling. 
[2019.12.11-11.05.16:416][635]LogMaterial: Display: Missing cached shader map for material LandscapeDirtyMaterial, compiling. 
[2019.12.11-11.05.16:455][635]LogMaterial: Display: Missing cached shader map for material LandscapeLayerUsageMaterial, compiling. 
[2019.12.11-11.05.16:825][635]LogMaterial: Display: Missing cached shader map for material CircleBrushMaterial, compiling. 
[2019.12.11-11.05.16:843][635]LogMaterial: Display: Missing cached shader map for material CircleBrushMaterial, compiling. 
[2019.12.11-11.05.16:889][635]LogMaterial: Display: Missing cached shader map for material CircleBrushMaterial, compiling. 
[2019.12.11-11.05.16:946][635]LogMaterial: Display: Missing cached shader map for material CircleBrushMaterial, compiling. 
[2019.12.11-11.05.16:999][635]LogMaterial: Display: Missing cached shader map for material AlphaBrushMaterial, compiling. 
[2019.12.11-11.05.17:040][635]LogMaterial: Display: Missing cached shader map for material CircleBrushMaterial, compiling. 
[2019.12.11-11.05.17:061][635]LogMaterial: Display: Missing cached shader map for material SelectBrushMaterial, compiling. 
[2019.12.11-11.05.17:104][635]LogMaterial: Display: Missing cached shader map for material MaskBrushMaterial, compiling. 
[2019.12.11-11.05.17:359][635]LogTexture: Display: Building textures: Texture2D_2 (G8, 128X128)
[2019.12.11-11.05.19:356][749]LogShaderCompilers: Display: Worker (3/5): shaders left to compile 258
[2019.12.11-11.05.19:689][768]LogShaderCompilers: Display: Worker (2/5): shaders left to compile 248
[2019.12.11-11.05.19:734][772]LogShaderCompilers: Display: Worker (1/5): shaders left to compile 238
[2019.12.11-11.05.23:061][ 65]LogShaderCompilers: Display: Worker (4/5): shaders left to compile 228
[2019.12.11-11.05.23:828][130]LogShaderCompilers: Display: Worker (3/5): shaders left to compile 218
[2019.12.11-11.05.24:247][164]LogShaderCompilers: Display: Worker (1/5): shaders left to compile 208
[2019.12.11-11.05.24:373][176]LogShaderCompilers: Display: Worker (2/5): shaders left to compile 198
[2019.12.11-11.05.27:752][465]LogShaderCompilers: Display: Worker (4/5): shaders left to compile 188
[2019.12.11-11.05.28:462][524]LogShaderCompilers: Display: Worker (3/5): shaders left to compile 178
[2019.12.11-11.05.29:125][579]LogShaderCompilers: Display: Worker (1/5): shaders left to compile 168
[2019.12.11-11.05.29:125][579]LogShaderCompilers: Display: Worker (2/5): shaders left to compile 158
[2019.12.11-11.05.32:616][887]LogShaderCompilers: Display: Worker (4/5): shaders left to compile 148
[2019.12.11-11.05.33:259][939]LogShaderCompilers: Display: Worker (1/5): shaders left to compile 138
[2019.12.11-11.05.33:355][948]LogShaderCompilers: Display: Worker (3/5): shaders left to compile 128
[2019.12.11-11.05.34:240][ 29]LogShaderCompilers: Display: Worker (2/5): shaders left to compile 118
[2019.12.11-11.05.37:425][277]LogShaderCompilers: Display: Worker (4/5): shaders left to compile 108
[2019.12.11-11.05.38:069][313]LogShaderCompilers: Display: Worker (1/5): shaders left to compile 98
[2019.12.11-11.05.38:187][318]LogShaderCompilers: Display: Worker (3/5): shaders left to compile 88
[2019.12.11-11.05.38:801][341]LogShaderCompilers: Display: Worker (2/5): shaders left to compile 78
[2019.12.11-11.05.39:630][379]LogActorFactory: Actor Factory created Cube
[2019.12.11-11.05.41:230][424]LogActorFactory: Actor Factory created Cube
[2019.12.11-11.05.41:346][424]LogShaderCompilers: Display: Worker (4/5): shaders left to compile 68
[2019.12.11-11.05.41:877][434]LogShaderCompilers: Display: Worker (1/5): shaders left to compile 58
[2019.12.11-11.05.41:933][438]LogShaderCompilers: Display: Worker (3/5): shaders left to compile 48
[2019.12.11-11.05.42:607][482]LogShaderCompilers: Display: Worker (2/5): shaders left to compile 38
[2019.12.11-11.05.45:206][640]LogShaderCompilers: Display: Worker (4/5): shaders left to compile 28
[2019.12.11-11.05.46:032][693]LogShaderCompilers: Display: Worker (1/5): shaders left to compile 20
[2019.12.11-11.05.46:086][696]LogShaderCompilers: Display: Worker (3/5): shaders left to compile 14
[2019.12.11-11.05.46:547][725]LogShaderCompilers: Display: Worker (2/5): shaders left to compile 10
[2019.12.11-11.05.47:402][778]LogShaderCompilers: Display: Worker (2/5): shaders left to compile 7
[2019.12.11-11.05.47:664][797]LogShaderCompilers: Display: Worker (1/5): shaders left to compile 5
[2019.12.11-11.05.47:863][812]LogShaderCompilers: Display: Worker (2/5): shaders left to compile 3
[2019.12.11-11.05.48:434][846]LogShaderCompilers: Display: Worker (2/5): shaders left to compile 2
[2019.12.11-11.05.48:451][847]LogShaderCompilers: Display: Worker (1/5): shaders left to compile 1
[2019.12.11-11.06.12:783][580]LogEditorViewport: Clicking on Actor (LMB): SkeletalMeshActor (ThirdPerson_Jump)
[2019.12.11-11.06.22:619][699]Cmd: DELETE
[2019.12.11-11.06.22:619][699]Cmd: ACTOR DELETE
[2019.12.11-11.06.22:914][699]LogEditorActor: Deleted Actor: SkeletalMeshActor
[2019.12.11-11.06.22:976][699]LogUObjectHash: Compacting FUObjectHashTables data took   1.40ms
[2019.12.11-11.06.22:978][699]LogEditorActor: Deleted 1 Actors (0.179 secs)
[2019.12.11-11.07.20:805][304]LogEditorViewport: Clicking on Actor (LMB): ThirdPersonCharacter_C (ThirdPersonCharacter)
[2019.12.11-11.07.22:501][439]LogEditorViewport: Clicking on Actor (LMB): StaticMeshActor (Floor)
[2019.12.11-11.07.35:020][849]LogEditorViewport: Clicking on Actor (LMB): StaticMeshActor (Linear_Stair_StaticMesh)
[2019.12.11-11.07.47:123][340]LogSlate: Took 0.014390 seconds to synchronously load lazily loaded font '../../../Engine/Content/Slate/Fonts/Roboto-Italic.ttf' (157K)
[2019.12.11-11.08.29:501][818]Cmd: MODE GRID=0
[2019.12.11-11.08.30:125][888]Cmd: MODE GRID=1
[2019.12.11-11.09.00:662][431]LogRenderer: Reallocating scene render targets to support 1808x904 Format 10 NumSamples 1 (Frame:33921).
[2019.12.11-11.09.00:732][432]LogRenderer: Reallocating scene render targets to support 2568x1408 Format 10 NumSamples 1 (Frame:33923).
[2019.12.11-11.09.41:334][831]LogEditorViewport: Clicking on Actor (LMB): StaticMeshActor (Floor)
[2019.12.11-11.09.49:454][756]LogEditorViewport: Clicking on Actor (LMB): ThirdPersonCharacter_C (ThirdPersonCharacter)
[2019.12.11-11.09.55:001][264]LogEditorViewport: Clicking on Actor (LMB): StaticMeshActor (Floor)
[2019.12.11-11.10.22:107][916]LogEditorViewport: Clicking on Actor (LMB): TextRenderActor (TextRenderActor)
[2019.12.11-11.10.26:961][349]Cmd: CAMERA ALIGN ACTIVEVIEWPORTONLY
[2019.12.11-11.10.29:624][654]LogEditorViewport: Clicking on Actor (LMB): ThirdPersonCharacter_C (ThirdPersonCharacter)
[2019.12.11-11.10.29:921][669]Cmd: CAMERA ALIGN ACTIVEVIEWPORTONLY
[2019.12.11-11.10.31:374][797]LogEditorViewport: Clicking on Actor (LMB): SkeletalMeshActor (ThirdPersonIdle)
[2019.12.11-11.10.31:781][837]Cmd: CAMERA ALIGN ACTIVEVIEWPORTONLY
[2019.12.11-11.10.35:661][284]LogEditorViewport: Clicking on Actor (LMB): StaticMeshActor (CubeMesh)
[2019.12.11-11.10.35:850][300]Cmd: CAMERA ALIGN ACTIVEVIEWPORTONLY
[2019.12.11-11.10.37:712][497]LogEditorViewport: Clicking on Actor (LMB): StaticMeshActor (Cube)
[2019.12.11-11.10.37:867][510]Cmd: CAMERA ALIGN ACTIVEVIEWPORTONLY
[2019.12.11-11.11.43:199][834]LogUObjectHash: Compacting FUObjectHashTables data took   1.76ms
[2019.12.11-11.11.43:773][834]LogSavePackage: Moving 'D:/Unreal/unreal.learn/first_hour_project/Saved/ThirdPersonExampleMap9E349C64443C2A4F2C0B47A03E251BA0.tmp' to 'D:/Unreal/unreal.learn/first_hour_project/Content/ThirdPersonBP/Maps/ThirdPersonExampleMap.umap'
[2019.12.11-11.11.44:005][834]LogSavePackage: Moving 'D:/Unreal/unreal.learn/first_hour_project/Saved/ThirdPersonExampleMap_BuiltDataDDA4D3414070C38D92E14A900A91B10C.tmp' to 'D:/Unreal/unreal.learn/first_hour_project/Content/ThirdPersonBP/Maps/ThirdPersonExampleMap_BuiltData.uasset'
[2019.12.11-11.11.44:033][834]AssetCheck: New page: Asset Save: multiple assets
[2019.12.11-11.11.44:033][834]LogContentValidation: Display: Validating World /Game/ThirdPersonBP/Maps/ThirdPersonExampleMap.ThirdPersonExampleMap
[2019.12.11-11.11.44:033][834]LogContentValidation: Display: Validating MapBuildDataRegistry /Game/ThirdPersonBP/Maps/ThirdPersonExampleMap_BuiltData.ThirdPersonExampleMap_BuiltData
[2019.12.11-11.12.25:481][465]LogUObjectHash: Compacting FUObjectHashTables data took   2.20ms
[2019.12.11-11.12.38:258][930]Cmd: SELECT NONE
[2019.12.11-11.12.39:371][ 61]Cmd: SELECT NONE
[2019.12.11-11.12.58:505][969]LogEditorViewport: Clicking on Actor (LMB): StaticMeshActor (Floor)
